The system is: Linux - 4.4.0-141-generic - x86_64
Compiling the C compiler identification source file "CMakeCCompilerId.c" succeeded.
Compiler: /usr/bin/cc 
Build flags: 
Id flags: 

The output was:
0


Compilation of the C compiler identification source "CMakeCCompilerId.c" produced "a.out"

The C compiler identification is GNU, found in "/home/sensei/team-nust-robocup/resources/nlopt/build/CMakeFiles/3.5.1/CompilerIdC/a.out"

Compiling the CXX compiler identification source file "CMakeCXXCompilerId.cpp" succeeded.
Compiler: /usr/bin/c++ 
Build flags: 
Id flags: 

The output was:
0


Compilation of the CXX compiler identification source "CMakeCXXCompilerId.cpp" produced "a.out"

The CXX compiler identification is GNU, found in "/home/sensei/team-nust-robocup/resources/nlopt/build/CMakeFiles/3.5.1/CompilerIdCXX/a.out"

Determining if the C compiler works passed with the following output:
Change Dir: /home/sensei/team-nust-robocup/resources/nlopt/build/CMakeFiles/CMakeTmp

Run Build Command:"/usr/bin/make" "cmTC_089fc/fast"
/usr/bin/make -f CMakeFiles/cmTC_089fc.dir/build.make CMakeFiles/cmTC_089fc.dir/build
make[1]: Entering directory `/home/sensei/team-nust-robocup/resources/nlopt/build/CMakeFiles/CMakeTmp'
Building C object CMakeFiles/cmTC_089fc.dir/testCCompiler.c.o
/usr/bin/cc     -o CMakeFiles/cmTC_089fc.dir/testCCompiler.c.o   -c /home/sensei/team-nust-robocup/resources/nlopt/build/CMakeFiles/CMakeTmp/testCCompiler.c
Linking C executable cmTC_089fc
/usr/bin/cmake -E cmake_link_script CMakeFiles/cmTC_089fc.dir/link.txt --verbose=1
/usr/bin/cc       CMakeFiles/cmTC_089fc.dir/testCCompiler.c.o  -o cmTC_089fc -rdynamic 
make[1]: Leaving directory `/home/sensei/team-nust-robocup/resources/nlopt/build/CMakeFiles/CMakeTmp'


Detecting C compiler ABI info compiled with the following output:
Change Dir: /home/sensei/team-nust-robocup/resources/nlopt/build/CMakeFiles/CMakeTmp

Run Build Command:"/usr/bin/make" "cmTC_794e1/fast"
/usr/bin/make -f CMakeFiles/cmTC_794e1.dir/build.make CMakeFiles/cmTC_794e1.dir/build
make[1]: Entering directory `/home/sensei/team-nust-robocup/resources/nlopt/build/CMakeFiles/CMakeTmp'
Building C object CMakeFiles/cmTC_794e1.dir/CMakeCCompilerABI.c.o
/usr/bin/cc     -o CMakeFiles/cmTC_794e1.dir/CMakeCCompilerABI.c.o   -c /usr/share/cmake-3.5/Modules/CMakeCCompilerABI.c
Linking C executable cmTC_794e1
/usr/bin/cmake -E cmake_link_script CMakeFiles/cmTC_794e1.dir/link.txt --verbose=1
/usr/bin/cc      -v CMakeFiles/cmTC_794e1.dir/CMakeCCompilerABI.c.o  -o cmTC_794e1 -rdynamic  
Using built-in specs.
COLLECT_GCC=/usr/bin/cc
COLLECT_LTO_WRAPPER=/usr/lib/gcc/x86_64-linux-gnu/4.8/lto-wrapper
Target: x86_64-linux-gnu
Configured with: ../src/configure -v --with-pkgversion='Ubuntu 4.8.5-4ubuntu8~14.04.2' --with-bugurl=file:///usr/share/doc/gcc-4.8/README.Bugs --enable-languages=c,c++,java,go,d,fortran,objc,obj-c++ --prefix=/usr --program-suffix=-4.8 --enable-shared --enable-linker-build-id --libexecdir=/usr/lib --without-included-gettext --enable-threads=posix --with-gxx-include-dir=/usr/include/c++/4.8 --libdir=/usr/lib --enable-nls --with-sysroot=/ --enable-clocale=gnu --enable-libstdcxx-debug --enable-libstdcxx-time=yes --enable-gnu-unique-object --disable-libmudflap --enable-plugin --with-system-zlib --disable-browser-plugin --enable-java-awt=gtk --enable-gtk-cairo --with-java-home=/usr/lib/jvm/java-1.5.0-gcj-4.8-amd64/jre --enable-java-home --with-jvm-root-dir=/usr/lib/jvm/java-1.5.0-gcj-4.8-amd64 --with-jvm-jar-dir=/usr/lib/jvm-exports/java-1.5.0-gcj-4.8-amd64 --with-arch-directory=amd64 --with-ecj-jar=/usr/share/java/eclipse-ecj.jar --enable-objc-gc --enable-multiarch --disable-werror --with-arch-32=i686 --with-abi=m64 --with-multilib-list=m32,m64,mx32 --with-tune=generic --enable-checking=release --build=x86_64-linux-gnu --host=x86_64-linux-gnu --target=x86_64-linux-gnu
Thread model: posix
gcc version 4.8.5 (Ubuntu 4.8.5-4ubuntu8~14.04.2) 
COMPILER_PATH=/usr/lib/gcc/x86_64-linux-gnu/4.8/:/usr/lib/gcc/x86_64-linux-gnu/4.8/:/usr/lib/gcc/x86_64-linux-gnu/:/usr/lib/gcc/x86_64-linux-gnu/4.8/:/usr/lib/gcc/x86_64-linux-gnu/
LIBRARY_PATH=/usr/lib/gcc/x86_64-linux-gnu/4.8/:/usr/lib/gcc/x86_64-linux-gnu/4.8/../../../x86_64-linux-gnu/:/usr/lib/gcc/x86_64-linux-gnu/4.8/../../../../lib/:/lib/x86_64-linux-gnu/:/lib/../lib/:/usr/lib/x86_64-linux-gnu/:/usr/lib/../lib/:/usr/lib/gcc/x86_64-linux-gnu/4.8/../../../:/lib/:/usr/lib/
COLLECT_GCC_OPTIONS='-v' '-o' 'cmTC_794e1' '-rdynamic' '-mtune=generic' '-march=x86-64'
 /usr/lib/gcc/x86_64-linux-gnu/4.8/collect2 --sysroot=/ --build-id --eh-frame-hdr -m elf_x86_64 --hash-style=gnu --as-needed -export-dynamic -dynamic-linker /lib64/ld-linux-x86-64.so.2 -z relro -o cmTC_794e1 /usr/lib/gcc/x86_64-linux-gnu/4.8/../../../x86_64-linux-gnu/crt1.o /usr/lib/gcc/x86_64-linux-gnu/4.8/../../../x86_64-linux-gnu/crti.o /usr/lib/gcc/x86_64-linux-gnu/4.8/crtbegin.o -L/usr/lib/gcc/x86_64-linux-gnu/4.8 -L/usr/lib/gcc/x86_64-linux-gnu/4.8/../../../x86_64-linux-gnu -L/usr/lib/gcc/x86_64-linux-gnu/4.8/../../../../lib -L/lib/x86_64-linux-gnu -L/lib/../lib -L/usr/lib/x86_64-linux-gnu -L/usr/lib/../lib -L/usr/lib/gcc/x86_64-linux-gnu/4.8/../../.. CMakeFiles/cmTC_794e1.dir/CMakeCCompilerABI.c.o -lgcc --as-needed -lgcc_s --no-as-needed -lc -lgcc --as-needed -lgcc_s --no-as-needed /usr/lib/gcc/x86_64-linux-gnu/4.8/crtend.o /usr/lib/gcc/x86_64-linux-gnu/4.8/../../../x86_64-linux-gnu/crtn.o
make[1]: Leaving directory `/home/sensei/team-nust-robocup/resources/nlopt/build/CMakeFiles/CMakeTmp'


Parsed C implicit link information from above output:
  link line regex: [^( *|.*[/\])(ld|([^/\]+-)?ld|collect2)[^/\]*( |$)]
  ignore line: [Change Dir: /home/sensei/team-nust-robocup/resources/nlopt/build/CMakeFiles/CMakeTmp]
  ignore line: []
  ignore line: [Run Build Command:"/usr/bin/make" "cmTC_794e1/fast"]
  ignore line: [/usr/bin/make -f CMakeFiles/cmTC_794e1.dir/build.make CMakeFiles/cmTC_794e1.dir/build]
  ignore line: [make[1]: Entering directory `/home/sensei/team-nust-robocup/resources/nlopt/build/CMakeFiles/CMakeTmp']
  ignore line: [Building C object CMakeFiles/cmTC_794e1.dir/CMakeCCompilerABI.c.o]
  ignore line: [/usr/bin/cc     -o CMakeFiles/cmTC_794e1.dir/CMakeCCompilerABI.c.o   -c /usr/share/cmake-3.5/Modules/CMakeCCompilerABI.c]
  ignore line: [Linking C executable cmTC_794e1]
  ignore line: [/usr/bin/cmake -E cmake_link_script CMakeFiles/cmTC_794e1.dir/link.txt --verbose=1]
  ignore line: [/usr/bin/cc      -v CMakeFiles/cmTC_794e1.dir/CMakeCCompilerABI.c.o  -o cmTC_794e1 -rdynamic  ]
  ignore line: [Using built-in specs.]
  ignore line: [COLLECT_GCC=/usr/bin/cc]
  ignore line: [COLLECT_LTO_WRAPPER=/usr/lib/gcc/x86_64-linux-gnu/4.8/lto-wrapper]
  ignore line: [Target: x86_64-linux-gnu]
  ignore line: [Configured with: ../src/configure -v --with-pkgversion='Ubuntu 4.8.5-4ubuntu8~14.04.2' --with-bugurl=file:///usr/share/doc/gcc-4.8/README.Bugs --enable-languages=c,c++,java,go,d,fortran,objc,obj-c++ --prefix=/usr --program-suffix=-4.8 --enable-shared --enable-linker-build-id --libexecdir=/usr/lib --without-included-gettext --enable-threads=posix --with-gxx-include-dir=/usr/include/c++/4.8 --libdir=/usr/lib --enable-nls --with-sysroot=/ --enable-clocale=gnu --enable-libstdcxx-debug --enable-libstdcxx-time=yes --enable-gnu-unique-object --disable-libmudflap --enable-plugin --with-system-zlib --disable-browser-plugin --enable-java-awt=gtk --enable-gtk-cairo --with-java-home=/usr/lib/jvm/java-1.5.0-gcj-4.8-amd64/jre --enable-java-home --with-jvm-root-dir=/usr/lib/jvm/java-1.5.0-gcj-4.8-amd64 --with-jvm-jar-dir=/usr/lib/jvm-exports/java-1.5.0-gcj-4.8-amd64 --with-arch-directory=amd64 --with-ecj-jar=/usr/share/java/eclipse-ecj.jar --enable-objc-gc --enable-multiarch --disable-werror --with-arch-32=i686 --with-abi=m64 --with-multilib-list=m32,m64,mx32 --with-tune=generic --enable-checking=release --build=x86_64-linux-gnu --host=x86_64-linux-gnu --target=x86_64-linux-gnu]
  ignore line: [Thread model: posix]
  ignore line: [gcc version 4.8.5 (Ubuntu 4.8.5-4ubuntu8~14.04.2) ]
  ignore line: [COMPILER_PATH=/usr/lib/gcc/x86_64-linux-gnu/4.8/:/usr/lib/gcc/x86_64-linux-gnu/4.8/:/usr/lib/gcc/x86_64-linux-gnu/:/usr/lib/gcc/x86_64-linux-gnu/4.8/:/usr/lib/gcc/x86_64-linux-gnu/]
  ignore line: [LIBRARY_PATH=/usr/lib/gcc/x86_64-linux-gnu/4.8/:/usr/lib/gcc/x86_64-linux-gnu/4.8/../../../x86_64-linux-gnu/:/usr/lib/gcc/x86_64-linux-gnu/4.8/../../../../lib/:/lib/x86_64-linux-gnu/:/lib/../lib/:/usr/lib/x86_64-linux-gnu/:/usr/lib/../lib/:/usr/lib/gcc/x86_64-linux-gnu/4.8/../../../:/lib/:/usr/lib/]
  ignore line: [COLLECT_GCC_OPTIONS='-v' '-o' 'cmTC_794e1' '-rdynamic' '-mtune=generic' '-march=x86-64']
  link line: [ /usr/lib/gcc/x86_64-linux-gnu/4.8/collect2 --sysroot=/ --build-id --eh-frame-hdr -m elf_x86_64 --hash-style=gnu --as-needed -export-dynamic -dynamic-linker /lib64/ld-linux-x86-64.so.2 -z relro -o cmTC_794e1 /usr/lib/gcc/x86_64-linux-gnu/4.8/../../../x86_64-linux-gnu/crt1.o /usr/lib/gcc/x86_64-linux-gnu/4.8/../../../x86_64-linux-gnu/crti.o /usr/lib/gcc/x86_64-linux-gnu/4.8/crtbegin.o -L/usr/lib/gcc/x86_64-linux-gnu/4.8 -L/usr/lib/gcc/x86_64-linux-gnu/4.8/../../../x86_64-linux-gnu -L/usr/lib/gcc/x86_64-linux-gnu/4.8/../../../../lib -L/lib/x86_64-linux-gnu -L/lib/../lib -L/usr/lib/x86_64-linux-gnu -L/usr/lib/../lib -L/usr/lib/gcc/x86_64-linux-gnu/4.8/../../.. CMakeFiles/cmTC_794e1.dir/CMakeCCompilerABI.c.o -lgcc --as-needed -lgcc_s --no-as-needed -lc -lgcc --as-needed -lgcc_s --no-as-needed /usr/lib/gcc/x86_64-linux-gnu/4.8/crtend.o /usr/lib/gcc/x86_64-linux-gnu/4.8/../../../x86_64-linux-gnu/crtn.o]
    arg [/usr/lib/gcc/x86_64-linux-gnu/4.8/collect2] ==> ignore
    arg [--sysroot=/] ==> ignore
    arg [--build-id] ==> ignore
    arg [--eh-frame-hdr] ==> ignore
    arg [-m] ==> ignore
    arg [elf_x86_64] ==> ignore
    arg [--hash-style=gnu] ==> ignore
    arg [--as-needed] ==> ignore
    arg [-export-dynamic] ==> ignore
    arg [-dynamic-linker] ==> ignore
    arg [/lib64/ld-linux-x86-64.so.2] ==> ignore
    arg [-zrelro] ==> ignore
    arg [-o] ==> ignore
    arg [cmTC_794e1] ==> ignore
    arg [/usr/lib/gcc/x86_64-linux-gnu/4.8/../../../x86_64-linux-gnu/crt1.o] ==> ignore
    arg [/usr/lib/gcc/x86_64-linux-gnu/4.8/../../../x86_64-linux-gnu/crti.o] ==> ignore
    arg [/usr/lib/gcc/x86_64-linux-gnu/4.8/crtbegin.o] ==> ignore
    arg [-L/usr/lib/gcc/x86_64-linux-gnu/4.8] ==> dir [/usr/lib/gcc/x86_64-linux-gnu/4.8]
    arg [-L/usr/lib/gcc/x86_64-linux-gnu/4.8/../../../x86_64-linux-gnu] ==> dir [/usr/lib/gcc/x86_64-linux-gnu/4.8/../../../x86_64-linux-gnu]
    arg [-L/usr/lib/gcc/x86_64-linux-gnu/4.8/../../../../lib] ==> dir [/usr/lib/gcc/x86_64-linux-gnu/4.8/../../../../lib]
    arg [-L/lib/x86_64-linux-gnu] ==> dir [/lib/x86_64-linux-gnu]
    arg [-L/lib/../lib] ==> dir [/lib/../lib]
    arg [-L/usr/lib/x86_64-linux-gnu] ==> dir [/usr/lib/x86_64-linux-gnu]
    arg [-L/usr/lib/../lib] ==> dir [/usr/lib/../lib]
    arg [-L/usr/lib/gcc/x86_64-linux-gnu/4.8/../../..] ==> dir [/usr/lib/gcc/x86_64-linux-gnu/4.8/../../..]
    arg [CMakeFiles/cmTC_794e1.dir/CMakeCCompilerABI.c.o] ==> ignore
    arg [-lgcc] ==> lib [gcc]
    arg [--as-needed] ==> ignore
    arg [-lgcc_s] ==> lib [gcc_s]
    arg [--no-as-needed] ==> ignore
    arg [-lc] ==> lib [c]
    arg [-lgcc] ==> lib [gcc]
    arg [--as-needed] ==> ignore
    arg [-lgcc_s] ==> lib [gcc_s]
    arg [--no-as-needed] ==> ignore
    arg [/usr/lib/gcc/x86_64-linux-gnu/4.8/crtend.o] ==> ignore
    arg [/usr/lib/gcc/x86_64-linux-gnu/4.8/../../../x86_64-linux-gnu/crtn.o] ==> ignore
  remove lib [gcc]
  remove lib [gcc_s]
  remove lib [gcc]
  remove lib [gcc_s]
  collapse library dir [/usr/lib/gcc/x86_64-linux-gnu/4.8] ==> [/usr/lib/gcc/x86_64-linux-gnu/4.8]
  collapse library dir [/usr/lib/gcc/x86_64-linux-gnu/4.8/../../../x86_64-linux-gnu] ==> [/usr/lib/x86_64-linux-gnu]
  collapse library dir [/usr/lib/gcc/x86_64-linux-gnu/4.8/../../../../lib] ==> [/usr/lib]
  collapse library dir [/lib/x86_64-linux-gnu] ==> [/lib/x86_64-linux-gnu]
  collapse library dir [/lib/../lib] ==> [/lib]
  collapse library dir [/usr/lib/x86_64-linux-gnu] ==> [/usr/lib/x86_64-linux-gnu]
  collapse library dir [/usr/lib/../lib] ==> [/usr/lib]
  collapse library dir [/usr/lib/gcc/x86_64-linux-gnu/4.8/../../..] ==> [/usr/lib]
  implicit libs: [c]
  implicit dirs: [/usr/lib/gcc/x86_64-linux-gnu/4.8;/usr/lib/x86_64-linux-gnu;/usr/lib;/lib/x86_64-linux-gnu;/lib]
  implicit fwks: []




Detecting C [-std=c11] compiler features compiled with the following output:
Change Dir: /home/sensei/team-nust-robocup/resources/nlopt/build/CMakeFiles/CMakeTmp

Run Build Command:"/usr/bin/make" "cmTC_904de/fast"
/usr/bin/make -f CMakeFiles/cmTC_904de.dir/build.make CMakeFiles/cmTC_904de.dir/build
make[1]: Entering directory `/home/sensei/team-nust-robocup/resources/nlopt/build/CMakeFiles/CMakeTmp'
Building C object CMakeFiles/cmTC_904de.dir/feature_tests.c.o
/usr/bin/cc    -std=c11 -o CMakeFiles/cmTC_904de.dir/feature_tests.c.o   -c /home/sensei/team-nust-robocup/resources/nlopt/build/CMakeFiles/feature_tests.c
Linking C executable cmTC_904de
/usr/bin/cmake -E cmake_link_script CMakeFiles/cmTC_904de.dir/link.txt --verbose=1
/usr/bin/cc       CMakeFiles/cmTC_904de.dir/feature_tests.c.o  -o cmTC_904de -rdynamic 
make[1]: Leaving directory `/home/sensei/team-nust-robocup/resources/nlopt/build/CMakeFiles/CMakeTmp'


    Feature record: C_FEATURE:1c_function_prototypes
    Feature record: C_FEATURE:1c_restrict
    Feature record: C_FEATURE:1c_static_assert
    Feature record: C_FEATURE:1c_variadic_macros


Detecting C [-std=c99] compiler features compiled with the following output:
Change Dir: /home/sensei/team-nust-robocup/resources/nlopt/build/CMakeFiles/CMakeTmp

Run Build Command:"/usr/bin/make" "cmTC_20fb2/fast"
/usr/bin/make -f CMakeFiles/cmTC_20fb2.dir/build.make CMakeFiles/cmTC_20fb2.dir/build
make[1]: Entering directory `/home/sensei/team-nust-robocup/resources/nlopt/build/CMakeFiles/CMakeTmp'
Building C object CMakeFiles/cmTC_20fb2.dir/feature_tests.c.o
/usr/bin/cc    -std=c99 -o CMakeFiles/cmTC_20fb2.dir/feature_tests.c.o   -c /home/sensei/team-nust-robocup/resources/nlopt/build/CMakeFiles/feature_tests.c
Linking C executable cmTC_20fb2
/usr/bin/cmake -E cmake_link_script CMakeFiles/cmTC_20fb2.dir/link.txt --verbose=1
/usr/bin/cc       CMakeFiles/cmTC_20fb2.dir/feature_tests.c.o  -o cmTC_20fb2 -rdynamic 
make[1]: Leaving directory `/home/sensei/team-nust-robocup/resources/nlopt/build/CMakeFiles/CMakeTmp'


    Feature record: C_FEATURE:1c_function_prototypes
    Feature record: C_FEATURE:1c_restrict
    Feature record: C_FEATURE:0c_static_assert
    Feature record: C_FEATURE:1c_variadic_macros


Detecting C [-std=c90] compiler features compiled with the following output:
Change Dir: /home/sensei/team-nust-robocup/resources/nlopt/build/CMakeFiles/CMakeTmp

Run Build Command:"/usr/bin/make" "cmTC_4f05c/fast"
/usr/bin/make -f CMakeFiles/cmTC_4f05c.dir/build.make CMakeFiles/cmTC_4f05c.dir/build
make[1]: Entering directory `/home/sensei/team-nust-robocup/resources/nlopt/build/CMakeFiles/CMakeTmp'
Building C object CMakeFiles/cmTC_4f05c.dir/feature_tests.c.o
/usr/bin/cc    -std=c90 -o CMakeFiles/cmTC_4f05c.dir/feature_tests.c.o   -c /home/sensei/team-nust-robocup/resources/nlopt/build/CMakeFiles/feature_tests.c
Linking C executable cmTC_4f05c
/usr/bin/cmake -E cmake_link_script CMakeFiles/cmTC_4f05c.dir/link.txt --verbose=1
/usr/bin/cc       CMakeFiles/cmTC_4f05c.dir/feature_tests.c.o  -o cmTC_4f05c -rdynamic 
make[1]: Leaving directory `/home/sensei/team-nust-robocup/resources/nlopt/build/CMakeFiles/CMakeTmp'


    Feature record: C_FEATURE:1c_function_prototypes
    Feature record: C_FEATURE:0c_restrict
    Feature record: C_FEATURE:0c_static_assert
    Feature record: C_FEATURE:0c_variadic_macros
Determining if the CXX compiler works passed with the following output:
Change Dir: /home/sensei/team-nust-robocup/resources/nlopt/build/CMakeFiles/CMakeTmp

Run Build Command:"/usr/bin/make" "cmTC_01c6a/fast"
/usr/bin/make -f CMakeFiles/cmTC_01c6a.dir/build.make CMakeFiles/cmTC_01c6a.dir/build
make[1]: Entering directory `/home/sensei/team-nust-robocup/resources/nlopt/build/CMakeFiles/CMakeTmp'
Building CXX object CMakeFiles/cmTC_01c6a.dir/testCXXCompiler.cxx.o
/usr/bin/c++      -o CMakeFiles/cmTC_01c6a.dir/testCXXCompiler.cxx.o -c /home/sensei/team-nust-robocup/resources/nlopt/build/CMakeFiles/CMakeTmp/testCXXCompiler.cxx
Linking CXX executable cmTC_01c6a
/usr/bin/cmake -E cmake_link_script CMakeFiles/cmTC_01c6a.dir/link.txt --verbose=1
/usr/bin/c++        CMakeFiles/cmTC_01c6a.dir/testCXXCompiler.cxx.o  -o cmTC_01c6a -rdynamic 
make[1]: Leaving directory `/home/sensei/team-nust-robocup/resources/nlopt/build/CMakeFiles/CMakeTmp'


Detecting CXX compiler ABI info compiled with the following output:
Change Dir: /home/sensei/team-nust-robocup/resources/nlopt/build/CMakeFiles/CMakeTmp

Run Build Command:"/usr/bin/make" "cmTC_c0b31/fast"
/usr/bin/make -f CMakeFiles/cmTC_c0b31.dir/build.make CMakeFiles/cmTC_c0b31.dir/build
make[1]: Entering directory `/home/sensei/team-nust-robocup/resources/nlopt/build/CMakeFiles/CMakeTmp'
Building CXX object CMakeFiles/cmTC_c0b31.dir/CMakeCXXCompilerABI.cpp.o
/usr/bin/c++      -o CMakeFiles/cmTC_c0b31.dir/CMakeCXXCompilerABI.cpp.o -c /usr/share/cmake-3.5/Modules/CMakeCXXCompilerABI.cpp
Linking CXX executable cmTC_c0b31
/usr/bin/cmake -E cmake_link_script CMakeFiles/cmTC_c0b31.dir/link.txt --verbose=1
/usr/bin/c++       -v CMakeFiles/cmTC_c0b31.dir/CMakeCXXCompilerABI.cpp.o  -o cmTC_c0b31 -rdynamic  
Using built-in specs.
COLLECT_GCC=/usr/bin/c++
COLLECT_LTO_WRAPPER=/usr/lib/gcc/x86_64-linux-gnu/4.8/lto-wrapper
Target: x86_64-linux-gnu
Configured with: ../src/configure -v --with-pkgversion='Ubuntu 4.8.5-4ubuntu8~14.04.2' --with-bugurl=file:///usr/share/doc/gcc-4.8/README.Bugs --enable-languages=c,c++,java,go,d,fortran,objc,obj-c++ --prefix=/usr --program-suffix=-4.8 --enable-shared --enable-linker-build-id --libexecdir=/usr/lib --without-included-gettext --enable-threads=posix --with-gxx-include-dir=/usr/include/c++/4.8 --libdir=/usr/lib --enable-nls --with-sysroot=/ --enable-clocale=gnu --enable-libstdcxx-debug --enable-libstdcxx-time=yes --enable-gnu-unique-object --disable-libmudflap --enable-plugin --with-system-zlib --disable-browser-plugin --enable-java-awt=gtk --enable-gtk-cairo --with-java-home=/usr/lib/jvm/java-1.5.0-gcj-4.8-amd64/jre --enable-java-home --with-jvm-root-dir=/usr/lib/jvm/java-1.5.0-gcj-4.8-amd64 --with-jvm-jar-dir=/usr/lib/jvm-exports/java-1.5.0-gcj-4.8-amd64 --with-arch-directory=amd64 --with-ecj-jar=/usr/share/java/eclipse-ecj.jar --enable-objc-gc --enable-multiarch --disable-werror --with-arch-32=i686 --with-abi=m64 --with-multilib-list=m32,m64,mx32 --with-tune=generic --enable-checking=release --build=x86_64-linux-gnu --host=x86_64-linux-gnu --target=x86_64-linux-gnu
Thread model: posix
gcc version 4.8.5 (Ubuntu 4.8.5-4ubuntu8~14.04.2) 
COMPILER_PATH=/usr/lib/gcc/x86_64-linux-gnu/4.8/:/usr/lib/gcc/x86_64-linux-gnu/4.8/:/usr/lib/gcc/x86_64-linux-gnu/:/usr/lib/gcc/x86_64-linux-gnu/4.8/:/usr/lib/gcc/x86_64-linux-gnu/
LIBRARY_PATH=/usr/lib/gcc/x86_64-linux-gnu/4.8/:/usr/lib/gcc/x86_64-linux-gnu/4.8/../../../x86_64-linux-gnu/:/usr/lib/gcc/x86_64-linux-gnu/4.8/../../../../lib/:/lib/x86_64-linux-gnu/:/lib/../lib/:/usr/lib/x86_64-linux-gnu/:/usr/lib/../lib/:/usr/lib/gcc/x86_64-linux-gnu/4.8/../../../:/lib/:/usr/lib/
COLLECT_GCC_OPTIONS='-v' '-o' 'cmTC_c0b31' '-rdynamic' '-shared-libgcc' '-mtune=generic' '-march=x86-64'
 /usr/lib/gcc/x86_64-linux-gnu/4.8/collect2 --sysroot=/ --build-id --eh-frame-hdr -m elf_x86_64 --hash-style=gnu --as-needed -export-dynamic -dynamic-linker /lib64/ld-linux-x86-64.so.2 -z relro -o cmTC_c0b31 /usr/lib/gcc/x86_64-linux-gnu/4.8/../../../x86_64-linux-gnu/crt1.o /usr/lib/gcc/x86_64-linux-gnu/4.8/../../../x86_64-linux-gnu/crti.o /usr/lib/gcc/x86_64-linux-gnu/4.8/crtbegin.o -L/usr/lib/gcc/x86_64-linux-gnu/4.8 -L/usr/lib/gcc/x86_64-linux-gnu/4.8/../../../x86_64-linux-gnu -L/usr/lib/gcc/x86_64-linux-gnu/4.8/../../../../lib -L/lib/x86_64-linux-gnu -L/lib/../lib -L/usr/lib/x86_64-linux-gnu -L/usr/lib/../lib -L/usr/lib/gcc/x86_64-linux-gnu/4.8/../../.. CMakeFiles/cmTC_c0b31.dir/CMakeCXXCompilerABI.cpp.o -lstdc++ -lm -lgcc_s -lgcc -lc -lgcc_s -lgcc /usr/lib/gcc/x86_64-linux-gnu/4.8/crtend.o /usr/lib/gcc/x86_64-linux-gnu/4.8/../../../x86_64-linux-gnu/crtn.o
make[1]: Leaving directory `/home/sensei/team-nust-robocup/resources/nlopt/build/CMakeFiles/CMakeTmp'


Parsed CXX implicit link information from above output:
  link line regex: [^( *|.*[/\])(ld|([^/\]+-)?ld|collect2)[^/\]*( |$)]
  ignore line: [Change Dir: /home/sensei/team-nust-robocup/resources/nlopt/build/CMakeFiles/CMakeTmp]
  ignore line: []
  ignore line: [Run Build Command:"/usr/bin/make" "cmTC_c0b31/fast"]
  ignore line: [/usr/bin/make -f CMakeFiles/cmTC_c0b31.dir/build.make CMakeFiles/cmTC_c0b31.dir/build]
  ignore line: [make[1]: Entering directory `/home/sensei/team-nust-robocup/resources/nlopt/build/CMakeFiles/CMakeTmp']
  ignore line: [Building CXX object CMakeFiles/cmTC_c0b31.dir/CMakeCXXCompilerABI.cpp.o]
  ignore line: [/usr/bin/c++      -o CMakeFiles/cmTC_c0b31.dir/CMakeCXXCompilerABI.cpp.o -c /usr/share/cmake-3.5/Modules/CMakeCXXCompilerABI.cpp]
  ignore line: [Linking CXX executable cmTC_c0b31]
  ignore line: [/usr/bin/cmake -E cmake_link_script CMakeFiles/cmTC_c0b31.dir/link.txt --verbose=1]
  ignore line: [/usr/bin/c++       -v CMakeFiles/cmTC_c0b31.dir/CMakeCXXCompilerABI.cpp.o  -o cmTC_c0b31 -rdynamic  ]
  ignore line: [Using built-in specs.]
  ignore line: [COLLECT_GCC=/usr/bin/c++]
  ignore line: [COLLECT_LTO_WRAPPER=/usr/lib/gcc/x86_64-linux-gnu/4.8/lto-wrapper]
  ignore line: [Target: x86_64-linux-gnu]
  ignore line: [Configured with: ../src/configure -v --with-pkgversion='Ubuntu 4.8.5-4ubuntu8~14.04.2' --with-bugurl=file:///usr/share/doc/gcc-4.8/README.Bugs --enable-languages=c,c++,java,go,d,fortran,objc,obj-c++ --prefix=/usr --program-suffix=-4.8 --enable-shared --enable-linker-build-id --libexecdir=/usr/lib --without-included-gettext --enable-threads=posix --with-gxx-include-dir=/usr/include/c++/4.8 --libdir=/usr/lib --enable-nls --with-sysroot=/ --enable-clocale=gnu --enable-libstdcxx-debug --enable-libstdcxx-time=yes --enable-gnu-unique-object --disable-libmudflap --enable-plugin --with-system-zlib --disable-browser-plugin --enable-java-awt=gtk --enable-gtk-cairo --with-java-home=/usr/lib/jvm/java-1.5.0-gcj-4.8-amd64/jre --enable-java-home --with-jvm-root-dir=/usr/lib/jvm/java-1.5.0-gcj-4.8-amd64 --with-jvm-jar-dir=/usr/lib/jvm-exports/java-1.5.0-gcj-4.8-amd64 --with-arch-directory=amd64 --with-ecj-jar=/usr/share/java/eclipse-ecj.jar --enable-objc-gc --enable-multiarch --disable-werror --with-arch-32=i686 --with-abi=m64 --with-multilib-list=m32,m64,mx32 --with-tune=generic --enable-checking=release --build=x86_64-linux-gnu --host=x86_64-linux-gnu --target=x86_64-linux-gnu]
  ignore line: [Thread model: posix]
  ignore line: [gcc version 4.8.5 (Ubuntu 4.8.5-4ubuntu8~14.04.2) ]
  ignore line: [COMPILER_PATH=/usr/lib/gcc/x86_64-linux-gnu/4.8/:/usr/lib/gcc/x86_64-linux-gnu/4.8/:/usr/lib/gcc/x86_64-linux-gnu/:/usr/lib/gcc/x86_64-linux-gnu/4.8/:/usr/lib/gcc/x86_64-linux-gnu/]
  ignore line: [LIBRARY_PATH=/usr/lib/gcc/x86_64-linux-gnu/4.8/:/usr/lib/gcc/x86_64-linux-gnu/4.8/../../../x86_64-linux-gnu/:/usr/lib/gcc/x86_64-linux-gnu/4.8/../../../../lib/:/lib/x86_64-linux-gnu/:/lib/../lib/:/usr/lib/x86_64-linux-gnu/:/usr/lib/../lib/:/usr/lib/gcc/x86_64-linux-gnu/4.8/../../../:/lib/:/usr/lib/]
  ignore line: [COLLECT_GCC_OPTIONS='-v' '-o' 'cmTC_c0b31' '-rdynamic' '-shared-libgcc' '-mtune=generic' '-march=x86-64']
  link line: [ /usr/lib/gcc/x86_64-linux-gnu/4.8/collect2 --sysroot=/ --build-id --eh-frame-hdr -m elf_x86_64 --hash-style=gnu --as-needed -export-dynamic -dynamic-linker /lib64/ld-linux-x86-64.so.2 -z relro -o cmTC_c0b31 /usr/lib/gcc/x86_64-linux-gnu/4.8/../../../x86_64-linux-gnu/crt1.o /usr/lib/gcc/x86_64-linux-gnu/4.8/../../../x86_64-linux-gnu/crti.o /usr/lib/gcc/x86_64-linux-gnu/4.8/crtbegin.o -L/usr/lib/gcc/x86_64-linux-gnu/4.8 -L/usr/lib/gcc/x86_64-linux-gnu/4.8/../../../x86_64-linux-gnu -L/usr/lib/gcc/x86_64-linux-gnu/4.8/../../../../lib -L/lib/x86_64-linux-gnu -L/lib/../lib -L/usr/lib/x86_64-linux-gnu -L/usr/lib/../lib -L/usr/lib/gcc/x86_64-linux-gnu/4.8/../../.. CMakeFiles/cmTC_c0b31.dir/CMakeCXXCompilerABI.cpp.o -lstdc++ -lm -lgcc_s -lgcc -lc -lgcc_s -lgcc /usr/lib/gcc/x86_64-linux-gnu/4.8/crtend.o /usr/lib/gcc/x86_64-linux-gnu/4.8/../../../x86_64-linux-gnu/crtn.o]
    arg [/usr/lib/gcc/x86_64-linux-gnu/4.8/collect2] ==> ignore
    arg [--sysroot=/] ==> ignore
    arg [--build-id] ==> ignore
    arg [--eh-frame-hdr] ==> ignore
    arg [-m] ==> ignore
    arg [elf_x86_64] ==> ignore
    arg [--hash-style=gnu] ==> ignore
    arg [--as-needed] ==> ignore
    arg [-export-dynamic] ==> ignore
    arg [-dynamic-linker] ==> ignore
    arg [/lib64/ld-linux-x86-64.so.2] ==> ignore
    arg [-zrelro] ==> ignore
    arg [-o] ==> ignore
    arg [cmTC_c0b31] ==> ignore
    arg [/usr/lib/gcc/x86_64-linux-gnu/4.8/../../../x86_64-linux-gnu/crt1.o] ==> ignore
    arg [/usr/lib/gcc/x86_64-linux-gnu/4.8/../../../x86_64-linux-gnu/crti.o] ==> ignore
    arg [/usr/lib/gcc/x86_64-linux-gnu/4.8/crtbegin.o] ==> ignore
    arg [-L/usr/lib/gcc/x86_64-linux-gnu/4.8] ==> dir [/usr/lib/gcc/x86_64-linux-gnu/4.8]
    arg [-L/usr/lib/gcc/x86_64-linux-gnu/4.8/../../../x86_64-linux-gnu] ==> dir [/usr/lib/gcc/x86_64-linux-gnu/4.8/../../../x86_64-linux-gnu]
    arg [-L/usr/lib/gcc/x86_64-linux-gnu/4.8/../../../../lib] ==> dir [/usr/lib/gcc/x86_64-linux-gnu/4.8/../../../../lib]
    arg [-L/lib/x86_64-linux-gnu] ==> dir [/lib/x86_64-linux-gnu]
    arg [-L/lib/../lib] ==> dir [/lib/../lib]
    arg [-L/usr/lib/x86_64-linux-gnu] ==> dir [/usr/lib/x86_64-linux-gnu]
    arg [-L/usr/lib/../lib] ==> dir [/usr/lib/../lib]
    arg [-L/usr/lib/gcc/x86_64-linux-gnu/4.8/../../..] ==> dir [/usr/lib/gcc/x86_64-linux-gnu/4.8/../../..]
    arg [CMakeFiles/cmTC_c0b31.dir/CMakeCXXCompilerABI.cpp.o] ==> ignore
    arg [-lstdc++] ==> lib [stdc++]
    arg [-lm] ==> lib [m]
    arg [-lgcc_s] ==> lib [gcc_s]
    arg [-lgcc] ==> lib [gcc]
    arg [-lc] ==> lib [c]
    arg [-lgcc_s] ==> lib [gcc_s]
    arg [-lgcc] ==> lib [gcc]
    arg [/usr/lib/gcc/x86_64-linux-gnu/4.8/crtend.o] ==> ignore
    arg [/usr/lib/gcc/x86_64-linux-gnu/4.8/../../../x86_64-linux-gnu/crtn.o] ==> ignore
  remove lib [gcc_s]
  remove lib [gcc]
  remove lib [gcc_s]
  remove lib [gcc]
  collapse library dir [/usr/lib/gcc/x86_64-linux-gnu/4.8] ==> [/usr/lib/gcc/x86_64-linux-gnu/4.8]
  collapse library dir [/usr/lib/gcc/x86_64-linux-gnu/4.8/../../../x86_64-linux-gnu] ==> [/usr/lib/x86_64-linux-gnu]
  collapse library dir [/usr/lib/gcc/x86_64-linux-gnu/4.8/../../../../lib] ==> [/usr/lib]
  collapse library dir [/lib/x86_64-linux-gnu] ==> [/lib/x86_64-linux-gnu]
  collapse library dir [/lib/../lib] ==> [/lib]
  collapse library dir [/usr/lib/x86_64-linux-gnu] ==> [/usr/lib/x86_64-linux-gnu]
  collapse library dir [/usr/lib/../lib] ==> [/usr/lib]
  collapse library dir [/usr/lib/gcc/x86_64-linux-gnu/4.8/../../..] ==> [/usr/lib]
  implicit libs: [stdc++;m;c]
  implicit dirs: [/usr/lib/gcc/x86_64-linux-gnu/4.8;/usr/lib/x86_64-linux-gnu;/usr/lib;/lib/x86_64-linux-gnu;/lib]
  implicit fwks: []




Detecting CXX [-std=c++1y] compiler features compiled with the following output:
Change Dir: /home/sensei/team-nust-robocup/resources/nlopt/build/CMakeFiles/CMakeTmp

Run Build Command:"/usr/bin/make" "cmTC_97b08/fast"
/usr/bin/make -f CMakeFiles/cmTC_97b08.dir/build.make CMakeFiles/cmTC_97b08.dir/build
make[1]: Entering directory `/home/sensei/team-nust-robocup/resources/nlopt/build/CMakeFiles/CMakeTmp'
Building CXX object CMakeFiles/cmTC_97b08.dir/feature_tests.cxx.o
/usr/bin/c++     -std=c++1y -o CMakeFiles/cmTC_97b08.dir/feature_tests.cxx.o -c /home/sensei/team-nust-robocup/resources/nlopt/build/CMakeFiles/feature_tests.cxx
Linking CXX executable cmTC_97b08
/usr/bin/cmake -E cmake_link_script CMakeFiles/cmTC_97b08.dir/link.txt --verbose=1
/usr/bin/c++        CMakeFiles/cmTC_97b08.dir/feature_tests.cxx.o  -o cmTC_97b08 -rdynamic 
make[1]: Leaving directory `/home/sensei/team-nust-robocup/resources/nlopt/build/CMakeFiles/CMakeTmp'


    Feature record: CXX_FEATURE:0cxx_aggregate_default_initializers
    Feature record: CXX_FEATURE:1cxx_alias_templates
    Feature record: CXX_FEATURE:1cxx_alignas
    Feature record: CXX_FEATURE:1cxx_alignof
    Feature record: CXX_FEATURE:1cxx_attributes
    Feature record: CXX_FEATURE:0cxx_attribute_deprecated
    Feature record: CXX_FEATURE:1cxx_auto_type
    Feature record: CXX_FEATURE:0cxx_binary_literals
    Feature record: CXX_FEATURE:1cxx_constexpr
    Feature record: CXX_FEATURE:0cxx_contextual_conversions
    Feature record: CXX_FEATURE:1cxx_decltype
    Feature record: CXX_FEATURE:0cxx_decltype_auto
    Feature record: CXX_FEATURE:1cxx_decltype_incomplete_return_types
    Feature record: CXX_FEATURE:1cxx_default_function_template_args
    Feature record: CXX_FEATURE:1cxx_defaulted_functions
    Feature record: CXX_FEATURE:1cxx_defaulted_move_initializers
    Feature record: CXX_FEATURE:1cxx_delegating_constructors
    Feature record: CXX_FEATURE:1cxx_deleted_functions
    Feature record: CXX_FEATURE:0cxx_digit_separators
    Feature record: CXX_FEATURE:1cxx_enum_forward_declarations
    Feature record: CXX_FEATURE:1cxx_explicit_conversions
    Feature record: CXX_FEATURE:1cxx_extended_friend_declarations
    Feature record: CXX_FEATURE:1cxx_extern_templates
    Feature record: CXX_FEATURE:1cxx_final
    Feature record: CXX_FEATURE:1cxx_func_identifier
    Feature record: CXX_FEATURE:1cxx_generalized_initializers
    Feature record: CXX_FEATURE:0cxx_generic_lambdas
    Feature record: CXX_FEATURE:1cxx_inheriting_constructors
    Feature record: CXX_FEATURE:1cxx_inline_namespaces
    Feature record: CXX_FEATURE:1cxx_lambdas
    Feature record: CXX_FEATURE:0cxx_lambda_init_captures
    Feature record: CXX_FEATURE:1cxx_local_type_template_args
    Feature record: CXX_FEATURE:1cxx_long_long_type
    Feature record: CXX_FEATURE:1cxx_noexcept
    Feature record: CXX_FEATURE:1cxx_nonstatic_member_init
    Feature record: CXX_FEATURE:1cxx_nullptr
    Feature record: CXX_FEATURE:1cxx_override
    Feature record: CXX_FEATURE:1cxx_range_for
    Feature record: CXX_FEATURE:1cxx_raw_string_literals
    Feature record: CXX_FEATURE:1cxx_reference_qualified_functions
    Feature record: CXX_FEATURE:0cxx_relaxed_constexpr
    Feature record: CXX_FEATURE:0cxx_return_type_deduction
    Feature record: CXX_FEATURE:1cxx_right_angle_brackets
    Feature record: CXX_FEATURE:1cxx_rvalue_references
    Feature record: CXX_FEATURE:1cxx_sizeof_member
    Feature record: CXX_FEATURE:1cxx_static_assert
    Feature record: CXX_FEATURE:1cxx_strong_enums
    Feature record: CXX_FEATURE:1cxx_template_template_parameters
    Feature record: CXX_FEATURE:1cxx_thread_local
    Feature record: CXX_FEATURE:1cxx_trailing_return_types
    Feature record: CXX_FEATURE:1cxx_unicode_literals
    Feature record: CXX_FEATURE:1cxx_uniform_initialization
    Feature record: CXX_FEATURE:1cxx_unrestricted_unions
    Feature record: CXX_FEATURE:1cxx_user_literals
    Feature record: CXX_FEATURE:0cxx_variable_templates
    Feature record: CXX_FEATURE:1cxx_variadic_macros
    Feature record: CXX_FEATURE:1cxx_variadic_templates


Detecting CXX [-std=c++11] compiler features compiled with the following output:
Change Dir: /home/sensei/team-nust-robocup/resources/nlopt/build/CMakeFiles/CMakeTmp

Run Build Command:"/usr/bin/make" "cmTC_774d4/fast"
/usr/bin/make -f CMakeFiles/cmTC_774d4.dir/build.make CMakeFiles/cmTC_774d4.dir/build
make[1]: Entering directory `/home/sensei/team-nust-robocup/resources/nlopt/build/CMakeFiles/CMakeTmp'
Building CXX object CMakeFiles/cmTC_774d4.dir/feature_tests.cxx.o
/usr/bin/c++     -std=c++11 -o CMakeFiles/cmTC_774d4.dir/feature_tests.cxx.o -c /home/sensei/team-nust-robocup/resources/nlopt/build/CMakeFiles/feature_tests.cxx
Linking CXX executable cmTC_774d4
/usr/bin/cmake -E cmake_link_script CMakeFiles/cmTC_774d4.dir/link.txt --verbose=1
/usr/bin/c++        CMakeFiles/cmTC_774d4.dir/feature_tests.cxx.o  -o cmTC_774d4 -rdynamic 
make[1]: Leaving directory `/home/sensei/team-nust-robocup/resources/nlopt/build/CMakeFiles/CMakeTmp'


    Feature record: CXX_FEATURE:0cxx_aggregate_default_initializers
    Feature record: CXX_FEATURE:1cxx_alias_templates
    Feature record: CXX_FEATURE:1cxx_alignas
    Feature record: CXX_FEATURE:1cxx_alignof
    Feature record: CXX_FEATURE:1cxx_attributes
    Feature record: CXX_FEATURE:0cxx_attribute_deprecated
    Feature record: CXX_FEATURE:1cxx_auto_type
    Feature record: CXX_FEATURE:0cxx_binary_literals
    Feature record: CXX_FEATURE:1cxx_constexpr
    Feature record: CXX_FEATURE:0cxx_contextual_conversions
    Feature record: CXX_FEATURE:1cxx_decltype
    Feature record: CXX_FEATURE:0cxx_decltype_auto
    Feature record: CXX_FEATURE:1cxx_decltype_incomplete_return_types
    Feature record: CXX_FEATURE:1cxx_default_function_template_args
    Feature record: CXX_FEATURE:1cxx_defaulted_functions
    Feature record: CXX_FEATURE:1cxx_defaulted_move_initializers
    Feature record: CXX_FEATURE:1cxx_delegating_constructors
    Feature record: CXX_FEATURE:1cxx_deleted_functions
    Feature record: CXX_FEATURE:0cxx_digit_separators
    Feature record: CXX_FEATURE:1cxx_enum_forward_declarations
    Feature record: CXX_FEATURE:1cxx_explicit_conversions
    Feature record: CXX_FEATURE:1cxx_extended_friend_declarations
    Feature record: CXX_FEATURE:1cxx_extern_templates
    Feature record: CXX_FEATURE:1cxx_final
    Feature record: CXX_FEATURE:1cxx_func_identifier
    Feature record: CXX_FEATURE:1cxx_generalized_initializers
    Feature record: CXX_FEATURE:0cxx_generic_lambdas
    Feature record: CXX_FEATURE:1cxx_inheriting_constructors
    Feature record: CXX_FEATURE:1cxx_inline_namespaces
    Feature record: CXX_FEATURE:1cxx_lambdas
    Feature record: CXX_FEATURE:0cxx_lambda_init_captures
    Feature record: CXX_FEATURE:1cxx_local_type_template_args
    Feature record: CXX_FEATURE:1cxx_long_long_type
    Feature record: CXX_FEATURE:1cxx_noexcept
    Feature record: CXX_FEATURE:1cxx_nonstatic_member_init
    Feature record: CXX_FEATURE:1cxx_nullptr
    Feature record: CXX_FEATURE:1cxx_override
    Feature record: CXX_FEATURE:1cxx_range_for
    Feature record: CXX_FEATURE:1cxx_raw_string_literals
    Feature record: CXX_FEATURE:1cxx_reference_qualified_functions
    Feature record: CXX_FEATURE:0cxx_relaxed_constexpr
    Feature record: CXX_FEATURE:0cxx_return_type_deduction
    Feature record: CXX_FEATURE:1cxx_right_angle_brackets
    Feature record: CXX_FEATURE:1cxx_rvalue_references
    Feature record: CXX_FEATURE:1cxx_sizeof_member
    Feature record: CXX_FEATURE:1cxx_static_assert
    Feature record: CXX_FEATURE:1cxx_strong_enums
    Feature record: CXX_FEATURE:1cxx_template_template_parameters
    Feature record: CXX_FEATURE:1cxx_thread_local
    Feature record: CXX_FEATURE:1cxx_trailing_return_types
    Feature record: CXX_FEATURE:1cxx_unicode_literals
    Feature record: CXX_FEATURE:1cxx_uniform_initialization
    Feature record: CXX_FEATURE:1cxx_unrestricted_unions
    Feature record: CXX_FEATURE:1cxx_user_literals
    Feature record: CXX_FEATURE:0cxx_variable_templates
    Feature record: CXX_FEATURE:1cxx_variadic_macros
    Feature record: CXX_FEATURE:1cxx_variadic_templates


Detecting CXX [-std=c++98] compiler features compiled with the following output:
Change Dir: /home/sensei/team-nust-robocup/resources/nlopt/build/CMakeFiles/CMakeTmp

Run Build Command:"/usr/bin/make" "cmTC_8268f/fast"
/usr/bin/make -f CMakeFiles/cmTC_8268f.dir/build.make CMakeFiles/cmTC_8268f.dir/build
make[1]: Entering directory `/home/sensei/team-nust-robocup/resources/nlopt/build/CMakeFiles/CMakeTmp'
Building CXX object CMakeFiles/cmTC_8268f.dir/feature_tests.cxx.o
/usr/bin/c++     -std=c++98 -o CMakeFiles/cmTC_8268f.dir/feature_tests.cxx.o -c /home/sensei/team-nust-robocup/resources/nlopt/build/CMakeFiles/feature_tests.cxx
Linking CXX executable cmTC_8268f
/usr/bin/cmake -E cmake_link_script CMakeFiles/cmTC_8268f.dir/link.txt --verbose=1
/usr/bin/c++        CMakeFiles/cmTC_8268f.dir/feature_tests.cxx.o  -o cmTC_8268f -rdynamic 
make[1]: Leaving directory `/home/sensei/team-nust-robocup/resources/nlopt/build/CMakeFiles/CMakeTmp'


    Feature record: CXX_FEATURE:0cxx_aggregate_default_initializers
    Feature record: CXX_FEATURE:0cxx_alias_templates
    Feature record: CXX_FEATURE:0cxx_alignas
    Feature record: CXX_FEATURE:0cxx_alignof
    Feature record: CXX_FEATURE:0cxx_attributes
    Feature record: CXX_FEATURE:0cxx_attribute_deprecated
    Feature record: CXX_FEATURE:0cxx_auto_type
    Feature record: CXX_FEATURE:0cxx_binary_literals
    Feature record: CXX_FEATURE:0cxx_constexpr
    Feature record: CXX_FEATURE:0cxx_contextual_conversions
    Feature record: CXX_FEATURE:0cxx_decltype
    Feature record: CXX_FEATURE:0cxx_decltype_auto
    Feature record: CXX_FEATURE:0cxx_decltype_incomplete_return_types
    Feature record: CXX_FEATURE:0cxx_default_function_template_args
    Feature record: CXX_FEATURE:0cxx_defaulted_functions
    Feature record: CXX_FEATURE:0cxx_defaulted_move_initializers
    Feature record: CXX_FEATURE:0cxx_delegating_constructors
    Feature record: CXX_FEATURE:0cxx_deleted_functions
    Feature record: CXX_FEATURE:0cxx_digit_separators
    Feature record: CXX_FEATURE:0cxx_enum_forward_declarations
    Feature record: CXX_FEATURE:0cxx_explicit_conversions
    Feature record: CXX_FEATURE:0cxx_extended_friend_declarations
    Feature record: CXX_FEATURE:0cxx_extern_templates
    Feature record: CXX_FEATURE:0cxx_final
    Feature record: CXX_FEATURE:0cxx_func_identifier
    Feature record: CXX_FEATURE:0cxx_generalized_initializers
    Feature record: CXX_FEATURE:0cxx_generic_lambdas
    Feature record: CXX_FEATURE:0cxx_inheriting_constructors
    Feature record: CXX_FEATURE:0cxx_inline_namespaces
    Feature record: CXX_FEATURE:0cxx_lambdas
    Feature record: CXX_FEATURE:0cxx_lambda_init_captures
    Feature record: CXX_FEATURE:0cxx_local_type_template_args
    Feature record: CXX_FEATURE:0cxx_long_long_type
    Feature record: CXX_FEATURE:0cxx_noexcept
    Feature record: CXX_FEATURE:0cxx_nonstatic_member_init
    Feature record: CXX_FEATURE:0cxx_nullptr
    Feature record: CXX_FEATURE:0cxx_override
    Feature record: CXX_FEATURE:0cxx_range_for
    Feature record: CXX_FEATURE:0cxx_raw_string_literals
    Feature record: CXX_FEATURE:0cxx_reference_qualified_functions
    Feature record: CXX_FEATURE:0cxx_relaxed_constexpr
    Feature record: CXX_FEATURE:0cxx_return_type_deduction
    Feature record: CXX_FEATURE:0cxx_right_angle_brackets
    Feature record: CXX_FEATURE:0cxx_rvalue_references
    Feature record: CXX_FEATURE:0cxx_sizeof_member
    Feature record: CXX_FEATURE:0cxx_static_assert
    Feature record: CXX_FEATURE:0cxx_strong_enums
    Feature record: CXX_FEATURE:1cxx_template_template_parameters
    Feature record: CXX_FEATURE:0cxx_thread_local
    Feature record: CXX_FEATURE:0cxx_trailing_return_types
    Feature record: CXX_FEATURE:0cxx_unicode_literals
    Feature record: CXX_FEATURE:0cxx_uniform_initialization
    Feature record: CXX_FEATURE:0cxx_unrestricted_unions
    Feature record: CXX_FEATURE:0cxx_user_literals
    Feature record: CXX_FEATURE:0cxx_variable_templates
    Feature record: CXX_FEATURE:0cxx_variadic_macros
    Feature record: CXX_FEATURE:0cxx_variadic_templates
Determining if the include file dlfcn.h exists passed with the following output:
Change Dir: /home/sensei/team-nust-robocup/resources/nlopt/build/CMakeFiles/CMakeTmp

Run Build Command:"/usr/bin/make" "cmTC_8be59/fast"
/usr/bin/make -f CMakeFiles/cmTC_8be59.dir/build.make CMakeFiles/cmTC_8be59.dir/build
make[1]: Entering directory `/home/sensei/team-nust-robocup/resources/nlopt/build/CMakeFiles/CMakeTmp'
Building C object CMakeFiles/cmTC_8be59.dir/CheckIncludeFile.c.o
/usr/bin/cc     -o CMakeFiles/cmTC_8be59.dir/CheckIncludeFile.c.o   -c /home/sensei/team-nust-robocup/resources/nlopt/build/CMakeFiles/CMakeTmp/CheckIncludeFile.c
Linking C executable cmTC_8be59
/usr/bin/cmake -E cmake_link_script CMakeFiles/cmTC_8be59.dir/link.txt --verbose=1
/usr/bin/cc       CMakeFiles/cmTC_8be59.dir/CheckIncludeFile.c.o  -o cmTC_8be59 -rdynamic 
make[1]: Leaving directory `/home/sensei/team-nust-robocup/resources/nlopt/build/CMakeFiles/CMakeTmp'


Determining if the include file getopt.h exists passed with the following output:
Change Dir: /home/sensei/team-nust-robocup/resources/nlopt/build/CMakeFiles/CMakeTmp

Run Build Command:"/usr/bin/make" "cmTC_cd0f3/fast"
/usr/bin/make -f CMakeFiles/cmTC_cd0f3.dir/build.make CMakeFiles/cmTC_cd0f3.dir/build
make[1]: Entering directory `/home/sensei/team-nust-robocup/resources/nlopt/build/CMakeFiles/CMakeTmp'
Building C object CMakeFiles/cmTC_cd0f3.dir/CheckIncludeFile.c.o
/usr/bin/cc     -o CMakeFiles/cmTC_cd0f3.dir/CheckIncludeFile.c.o   -c /home/sensei/team-nust-robocup/resources/nlopt/build/CMakeFiles/CMakeTmp/CheckIncludeFile.c
Linking C executable cmTC_cd0f3
/usr/bin/cmake -E cmake_link_script CMakeFiles/cmTC_cd0f3.dir/link.txt --verbose=1
/usr/bin/cc       CMakeFiles/cmTC_cd0f3.dir/CheckIncludeFile.c.o  -o cmTC_cd0f3 -rdynamic 
make[1]: Leaving directory `/home/sensei/team-nust-robocup/resources/nlopt/build/CMakeFiles/CMakeTmp'


Determining if the include file unistd.h exists passed with the following output:
Change Dir: /home/sensei/team-nust-robocup/resources/nlopt/build/CMakeFiles/CMakeTmp

Run Build Command:"/usr/bin/make" "cmTC_d9173/fast"
/usr/bin/make -f CMakeFiles/cmTC_d9173.dir/build.make CMakeFiles/cmTC_d9173.dir/build
make[1]: Entering directory `/home/sensei/team-nust-robocup/resources/nlopt/build/CMakeFiles/CMakeTmp'
Building C object CMakeFiles/cmTC_d9173.dir/CheckIncludeFile.c.o
/usr/bin/cc     -o CMakeFiles/cmTC_d9173.dir/CheckIncludeFile.c.o   -c /home/sensei/team-nust-robocup/resources/nlopt/build/CMakeFiles/CMakeTmp/CheckIncludeFile.c
Linking C executable cmTC_d9173
/usr/bin/cmake -E cmake_link_script CMakeFiles/cmTC_d9173.dir/link.txt --verbose=1
/usr/bin/cc       CMakeFiles/cmTC_d9173.dir/CheckIncludeFile.c.o  -o cmTC_d9173 -rdynamic 
make[1]: Leaving directory `/home/sensei/team-nust-robocup/resources/nlopt/build/CMakeFiles/CMakeTmp'


Determining if the include file string.h exists passed with the following output:
Change Dir: /home/sensei/team-nust-robocup/resources/nlopt/build/CMakeFiles/CMakeTmp

Run Build Command:"/usr/bin/make" "cmTC_ffe57/fast"
/usr/bin/make -f CMakeFiles/cmTC_ffe57.dir/build.make CMakeFiles/cmTC_ffe57.dir/build
make[1]: Entering directory `/home/sensei/team-nust-robocup/resources/nlopt/build/CMakeFiles/CMakeTmp'
Building C object CMakeFiles/cmTC_ffe57.dir/CheckIncludeFile.c.o
/usr/bin/cc     -o CMakeFiles/cmTC_ffe57.dir/CheckIncludeFile.c.o   -c /home/sensei/team-nust-robocup/resources/nlopt/build/CMakeFiles/CMakeTmp/CheckIncludeFile.c
Linking C executable cmTC_ffe57
/usr/bin/cmake -E cmake_link_script CMakeFiles/cmTC_ffe57.dir/link.txt --verbose=1
/usr/bin/cc       CMakeFiles/cmTC_ffe57.dir/CheckIncludeFile.c.o  -o cmTC_ffe57 -rdynamic 
make[1]: Leaving directory `/home/sensei/team-nust-robocup/resources/nlopt/build/CMakeFiles/CMakeTmp'


Determining if the include file strings.h exists passed with the following output:
Change Dir: /home/sensei/team-nust-robocup/resources/nlopt/build/CMakeFiles/CMakeTmp

Run Build Command:"/usr/bin/make" "cmTC_b80ab/fast"
/usr/bin/make -f CMakeFiles/cmTC_b80ab.dir/build.make CMakeFiles/cmTC_b80ab.dir/build
make[1]: Entering directory `/home/sensei/team-nust-robocup/resources/nlopt/build/CMakeFiles/CMakeTmp'
Building C object CMakeFiles/cmTC_b80ab.dir/CheckIncludeFile.c.o
/usr/bin/cc     -o CMakeFiles/cmTC_b80ab.dir/CheckIncludeFile.c.o   -c /home/sensei/team-nust-robocup/resources/nlopt/build/CMakeFiles/CMakeTmp/CheckIncludeFile.c
Linking C executable cmTC_b80ab
/usr/bin/cmake -E cmake_link_script CMakeFiles/cmTC_b80ab.dir/link.txt --verbose=1
/usr/bin/cc       CMakeFiles/cmTC_b80ab.dir/CheckIncludeFile.c.o  -o cmTC_b80ab -rdynamic 
make[1]: Leaving directory `/home/sensei/team-nust-robocup/resources/nlopt/build/CMakeFiles/CMakeTmp'


Determining if the include file inttypes.h exists passed with the following output:
Change Dir: /home/sensei/team-nust-robocup/resources/nlopt/build/CMakeFiles/CMakeTmp

Run Build Command:"/usr/bin/make" "cmTC_c2adf/fast"
/usr/bin/make -f CMakeFiles/cmTC_c2adf.dir/build.make CMakeFiles/cmTC_c2adf.dir/build
make[1]: Entering directory `/home/sensei/team-nust-robocup/resources/nlopt/build/CMakeFiles/CMakeTmp'
Building C object CMakeFiles/cmTC_c2adf.dir/CheckIncludeFile.c.o
/usr/bin/cc     -o CMakeFiles/cmTC_c2adf.dir/CheckIncludeFile.c.o   -c /home/sensei/team-nust-robocup/resources/nlopt/build/CMakeFiles/CMakeTmp/CheckIncludeFile.c
Linking C executable cmTC_c2adf
/usr/bin/cmake -E cmake_link_script CMakeFiles/cmTC_c2adf.dir/link.txt --verbose=1
/usr/bin/cc       CMakeFiles/cmTC_c2adf.dir/CheckIncludeFile.c.o  -o cmTC_c2adf -rdynamic 
make[1]: Leaving directory `/home/sensei/team-nust-robocup/resources/nlopt/build/CMakeFiles/CMakeTmp'


Determining if the include file memory.h exists passed with the following output:
Change Dir: /home/sensei/team-nust-robocup/resources/nlopt/build/CMakeFiles/CMakeTmp

Run Build Command:"/usr/bin/make" "cmTC_ae2ad/fast"
/usr/bin/make -f CMakeFiles/cmTC_ae2ad.dir/build.make CMakeFiles/cmTC_ae2ad.dir/build
make[1]: Entering directory `/home/sensei/team-nust-robocup/resources/nlopt/build/CMakeFiles/CMakeTmp'
Building C object CMakeFiles/cmTC_ae2ad.dir/CheckIncludeFile.c.o
/usr/bin/cc     -o CMakeFiles/cmTC_ae2ad.dir/CheckIncludeFile.c.o   -c /home/sensei/team-nust-robocup/resources/nlopt/build/CMakeFiles/CMakeTmp/CheckIncludeFile.c
Linking C executable cmTC_ae2ad
/usr/bin/cmake -E cmake_link_script CMakeFiles/cmTC_ae2ad.dir/link.txt --verbose=1
/usr/bin/cc       CMakeFiles/cmTC_ae2ad.dir/CheckIncludeFile.c.o  -o cmTC_ae2ad -rdynamic 
make[1]: Leaving directory `/home/sensei/team-nust-robocup/resources/nlopt/build/CMakeFiles/CMakeTmp'


Determining if the include file stdlib.h exists passed with the following output:
Change Dir: /home/sensei/team-nust-robocup/resources/nlopt/build/CMakeFiles/CMakeTmp

Run Build Command:"/usr/bin/make" "cmTC_3d251/fast"
/usr/bin/make -f CMakeFiles/cmTC_3d251.dir/build.make CMakeFiles/cmTC_3d251.dir/build
make[1]: Entering directory `/home/sensei/team-nust-robocup/resources/nlopt/build/CMakeFiles/CMakeTmp'
Building C object CMakeFiles/cmTC_3d251.dir/CheckIncludeFile.c.o
/usr/bin/cc     -o CMakeFiles/cmTC_3d251.dir/CheckIncludeFile.c.o   -c /home/sensei/team-nust-robocup/resources/nlopt/build/CMakeFiles/CMakeTmp/CheckIncludeFile.c
Linking C executable cmTC_3d251
/usr/bin/cmake -E cmake_link_script CMakeFiles/cmTC_3d251.dir/link.txt --verbose=1
/usr/bin/cc       CMakeFiles/cmTC_3d251.dir/CheckIncludeFile.c.o  -o cmTC_3d251 -rdynamic 
make[1]: Leaving directory `/home/sensei/team-nust-robocup/resources/nlopt/build/CMakeFiles/CMakeTmp'


Determining if the include file stdint.h exists passed with the following output:
Change Dir: /home/sensei/team-nust-robocup/resources/nlopt/build/CMakeFiles/CMakeTmp

Run Build Command:"/usr/bin/make" "cmTC_03fa1/fast"
/usr/bin/make -f CMakeFiles/cmTC_03fa1.dir/build.make CMakeFiles/cmTC_03fa1.dir/build
make[1]: Entering directory `/home/sensei/team-nust-robocup/resources/nlopt/build/CMakeFiles/CMakeTmp'
Building C object CMakeFiles/cmTC_03fa1.dir/CheckIncludeFile.c.o
/usr/bin/cc     -o CMakeFiles/cmTC_03fa1.dir/CheckIncludeFile.c.o   -c /home/sensei/team-nust-robocup/resources/nlopt/build/CMakeFiles/CMakeTmp/CheckIncludeFile.c
Linking C executable cmTC_03fa1
/usr/bin/cmake -E cmake_link_script CMakeFiles/cmTC_03fa1.dir/link.txt --verbose=1
/usr/bin/cc       CMakeFiles/cmTC_03fa1.dir/CheckIncludeFile.c.o  -o cmTC_03fa1 -rdynamic 
make[1]: Leaving directory `/home/sensei/team-nust-robocup/resources/nlopt/build/CMakeFiles/CMakeTmp'


Determining if the include file time.h exists passed with the following output:
Change Dir: /home/sensei/team-nust-robocup/resources/nlopt/build/CMakeFiles/CMakeTmp

Run Build Command:"/usr/bin/make" "cmTC_a2f52/fast"
/usr/bin/make -f CMakeFiles/cmTC_a2f52.dir/build.make CMakeFiles/cmTC_a2f52.dir/build
make[1]: Entering directory `/home/sensei/team-nust-robocup/resources/nlopt/build/CMakeFiles/CMakeTmp'
Building C object CMakeFiles/cmTC_a2f52.dir/CheckIncludeFile.c.o
/usr/bin/cc     -o CMakeFiles/cmTC_a2f52.dir/CheckIncludeFile.c.o   -c /home/sensei/team-nust-robocup/resources/nlopt/build/CMakeFiles/CMakeTmp/CheckIncludeFile.c
Linking C executable cmTC_a2f52
/usr/bin/cmake -E cmake_link_script CMakeFiles/cmTC_a2f52.dir/link.txt --verbose=1
/usr/bin/cc       CMakeFiles/cmTC_a2f52.dir/CheckIncludeFile.c.o  -o cmTC_a2f52 -rdynamic 
make[1]: Leaving directory `/home/sensei/team-nust-robocup/resources/nlopt/build/CMakeFiles/CMakeTmp'


Determining if the include file sys/types.h exists passed with the following output:
Change Dir: /home/sensei/team-nust-robocup/resources/nlopt/build/CMakeFiles/CMakeTmp

Run Build Command:"/usr/bin/make" "cmTC_711c4/fast"
/usr/bin/make -f CMakeFiles/cmTC_711c4.dir/build.make CMakeFiles/cmTC_711c4.dir/build
make[1]: Entering directory `/home/sensei/team-nust-robocup/resources/nlopt/build/CMakeFiles/CMakeTmp'
Building C object CMakeFiles/cmTC_711c4.dir/CheckIncludeFile.c.o
/usr/bin/cc     -o CMakeFiles/cmTC_711c4.dir/CheckIncludeFile.c.o   -c /home/sensei/team-nust-robocup/resources/nlopt/build/CMakeFiles/CMakeTmp/CheckIncludeFile.c
Linking C executable cmTC_711c4
/usr/bin/cmake -E cmake_link_script CMakeFiles/cmTC_711c4.dir/link.txt --verbose=1
/usr/bin/cc       CMakeFiles/cmTC_711c4.dir/CheckIncludeFile.c.o  -o cmTC_711c4 -rdynamic 
make[1]: Leaving directory `/home/sensei/team-nust-robocup/resources/nlopt/build/CMakeFiles/CMakeTmp'


Determining if the include file sys/stat.h exists passed with the following output:
Change Dir: /home/sensei/team-nust-robocup/resources/nlopt/build/CMakeFiles/CMakeTmp

Run Build Command:"/usr/bin/make" "cmTC_69e42/fast"
/usr/bin/make -f CMakeFiles/cmTC_69e42.dir/build.make CMakeFiles/cmTC_69e42.dir/build
make[1]: Entering directory `/home/sensei/team-nust-robocup/resources/nlopt/build/CMakeFiles/CMakeTmp'
Building C object CMakeFiles/cmTC_69e42.dir/CheckIncludeFile.c.o
/usr/bin/cc     -o CMakeFiles/cmTC_69e42.dir/CheckIncludeFile.c.o   -c /home/sensei/team-nust-robocup/resources/nlopt/build/CMakeFiles/CMakeTmp/CheckIncludeFile.c
Linking C executable cmTC_69e42
/usr/bin/cmake -E cmake_link_script CMakeFiles/cmTC_69e42.dir/link.txt --verbose=1
/usr/bin/cc       CMakeFiles/cmTC_69e42.dir/CheckIncludeFile.c.o  -o cmTC_69e42 -rdynamic 
make[1]: Leaving directory `/home/sensei/team-nust-robocup/resources/nlopt/build/CMakeFiles/CMakeTmp'


Determining if the include file sys/time.h exists passed with the following output:
Change Dir: /home/sensei/team-nust-robocup/resources/nlopt/build/CMakeFiles/CMakeTmp

Run Build Command:"/usr/bin/make" "cmTC_0671d/fast"
/usr/bin/make -f CMakeFiles/cmTC_0671d.dir/build.make CMakeFiles/cmTC_0671d.dir/build
make[1]: Entering directory `/home/sensei/team-nust-robocup/resources/nlopt/build/CMakeFiles/CMakeTmp'
Building C object CMakeFiles/cmTC_0671d.dir/CheckIncludeFile.c.o
/usr/bin/cc     -o CMakeFiles/cmTC_0671d.dir/CheckIncludeFile.c.o   -c /home/sensei/team-nust-robocup/resources/nlopt/build/CMakeFiles/CMakeTmp/CheckIncludeFile.c
Linking C executable cmTC_0671d
/usr/bin/cmake -E cmake_link_script CMakeFiles/cmTC_0671d.dir/link.txt --verbose=1
/usr/bin/cc       CMakeFiles/cmTC_0671d.dir/CheckIncludeFile.c.o  -o cmTC_0671d -rdynamic 
make[1]: Leaving directory `/home/sensei/team-nust-robocup/resources/nlopt/build/CMakeFiles/CMakeTmp'


Determining if the function getpid exists passed with the following output:
Change Dir: /home/sensei/team-nust-robocup/resources/nlopt/build/CMakeFiles/CMakeTmp

Run Build Command:"/usr/bin/make" "cmTC_2076d/fast"
/usr/bin/make -f CMakeFiles/cmTC_2076d.dir/build.make CMakeFiles/cmTC_2076d.dir/build
make[1]: Entering directory `/home/sensei/team-nust-robocup/resources/nlopt/build/CMakeFiles/CMakeTmp'
Building C object CMakeFiles/cmTC_2076d.dir/CheckFunctionExists.c.o
/usr/bin/cc    -DCHECK_FUNCTION_EXISTS=getpid   -o CMakeFiles/cmTC_2076d.dir/CheckFunctionExists.c.o   -c /usr/share/cmake-3.5/Modules/CheckFunctionExists.c
Linking C executable cmTC_2076d
/usr/bin/cmake -E cmake_link_script CMakeFiles/cmTC_2076d.dir/link.txt --verbose=1
/usr/bin/cc   -DCHECK_FUNCTION_EXISTS=getpid    CMakeFiles/cmTC_2076d.dir/CheckFunctionExists.c.o  -o cmTC_2076d -rdynamic 
make[1]: Leaving directory `/home/sensei/team-nust-robocup/resources/nlopt/build/CMakeFiles/CMakeTmp'


Determining if the function syscall exists passed with the following output:
Change Dir: /home/sensei/team-nust-robocup/resources/nlopt/build/CMakeFiles/CMakeTmp

Run Build Command:"/usr/bin/make" "cmTC_1c052/fast"
/usr/bin/make -f CMakeFiles/cmTC_1c052.dir/build.make CMakeFiles/cmTC_1c052.dir/build
make[1]: Entering directory `/home/sensei/team-nust-robocup/resources/nlopt/build/CMakeFiles/CMakeTmp'
Building C object CMakeFiles/cmTC_1c052.dir/CheckFunctionExists.c.o
/usr/bin/cc    -DCHECK_FUNCTION_EXISTS=syscall   -o CMakeFiles/cmTC_1c052.dir/CheckFunctionExists.c.o   -c /usr/share/cmake-3.5/Modules/CheckFunctionExists.c
Linking C executable cmTC_1c052
/usr/bin/cmake -E cmake_link_script CMakeFiles/cmTC_1c052.dir/link.txt --verbose=1
/usr/bin/cc   -DCHECK_FUNCTION_EXISTS=syscall    CMakeFiles/cmTC_1c052.dir/CheckFunctionExists.c.o  -o cmTC_1c052 -rdynamic 
make[1]: Leaving directory `/home/sensei/team-nust-robocup/resources/nlopt/build/CMakeFiles/CMakeTmp'


Determining if the function isinf exists passed with the following output:
Change Dir: /home/sensei/team-nust-robocup/resources/nlopt/build/CMakeFiles/CMakeTmp

Run Build Command:"/usr/bin/make" "cmTC_c2bfc/fast"
/usr/bin/make -f CMakeFiles/cmTC_c2bfc.dir/build.make CMakeFiles/cmTC_c2bfc.dir/build
make[1]: Entering directory `/home/sensei/team-nust-robocup/resources/nlopt/build/CMakeFiles/CMakeTmp'
Building C object CMakeFiles/cmTC_c2bfc.dir/CheckFunctionExists.c.o
/usr/bin/cc    -DCHECK_FUNCTION_EXISTS=isinf   -o CMakeFiles/cmTC_c2bfc.dir/CheckFunctionExists.c.o   -c /usr/share/cmake-3.5/Modules/CheckFunctionExists.c
<command-line>:0:23: warning: conflicting types for built-in function isinf [enabled by default]
/usr/share/cmake-3.5/Modules/CheckFunctionExists.c:6:6: note: in expansion of macro CHECK_FUNCTION_EXISTS
 char CHECK_FUNCTION_EXISTS();
      ^
Linking C executable cmTC_c2bfc
/usr/bin/cmake -E cmake_link_script CMakeFiles/cmTC_c2bfc.dir/link.txt --verbose=1
/usr/bin/cc   -DCHECK_FUNCTION_EXISTS=isinf    CMakeFiles/cmTC_c2bfc.dir/CheckFunctionExists.c.o  -o cmTC_c2bfc -rdynamic 
make[1]: Leaving directory `/home/sensei/team-nust-robocup/resources/nlopt/build/CMakeFiles/CMakeTmp'


Determining if the function isnan exists passed with the following output:
Change Dir: /home/sensei/team-nust-robocup/resources/nlopt/build/CMakeFiles/CMakeTmp

Run Build Command:"/usr/bin/make" "cmTC_3936c/fast"
/usr/bin/make -f CMakeFiles/cmTC_3936c.dir/build.make CMakeFiles/cmTC_3936c.dir/build
make[1]: Entering directory `/home/sensei/team-nust-robocup/resources/nlopt/build/CMakeFiles/CMakeTmp'
Building C object CMakeFiles/cmTC_3936c.dir/CheckFunctionExists.c.o
/usr/bin/cc    -DCHECK_FUNCTION_EXISTS=isnan   -o CMakeFiles/cmTC_3936c.dir/CheckFunctionExists.c.o   -c /usr/share/cmake-3.5/Modules/CheckFunctionExists.c
<command-line>:0:23: warning: conflicting types for built-in function isnan [enabled by default]
/usr/share/cmake-3.5/Modules/CheckFunctionExists.c:6:6: note: in expansion of macro CHECK_FUNCTION_EXISTS
 char CHECK_FUNCTION_EXISTS();
      ^
Linking C executable cmTC_3936c
/usr/bin/cmake -E cmake_link_script CMakeFiles/cmTC_3936c.dir/link.txt --verbose=1
/usr/bin/cc   -DCHECK_FUNCTION_EXISTS=isnan    CMakeFiles/cmTC_3936c.dir/CheckFunctionExists.c.o  -o cmTC_3936c -rdynamic 
make[1]: Leaving directory `/home/sensei/team-nust-robocup/resources/nlopt/build/CMakeFiles/CMakeTmp'


Determining if the function gettimeofday exists passed with the following output:
Change Dir: /home/sensei/team-nust-robocup/resources/nlopt/build/CMakeFiles/CMakeTmp

Run Build Command:"/usr/bin/make" "cmTC_44a42/fast"
/usr/bin/make -f CMakeFiles/cmTC_44a42.dir/build.make CMakeFiles/cmTC_44a42.dir/build
make[1]: Entering directory `/home/sensei/team-nust-robocup/resources/nlopt/build/CMakeFiles/CMakeTmp'
Building C object CMakeFiles/cmTC_44a42.dir/CheckFunctionExists.c.o
/usr/bin/cc    -DCHECK_FUNCTION_EXISTS=gettimeofday   -o CMakeFiles/cmTC_44a42.dir/CheckFunctionExists.c.o   -c /usr/share/cmake-3.5/Modules/CheckFunctionExists.c
Linking C executable cmTC_44a42
/usr/bin/cmake -E cmake_link_script CMakeFiles/cmTC_44a42.dir/link.txt --verbose=1
/usr/bin/cc   -DCHECK_FUNCTION_EXISTS=gettimeofday    CMakeFiles/cmTC_44a42.dir/CheckFunctionExists.c.o  -o cmTC_44a42 -rdynamic 
make[1]: Leaving directory `/home/sensei/team-nust-robocup/resources/nlopt/build/CMakeFiles/CMakeTmp'


Determining if the function qsort_r exists passed with the following output:
Change Dir: /home/sensei/team-nust-robocup/resources/nlopt/build/CMakeFiles/CMakeTmp

Run Build Command:"/usr/bin/make" "cmTC_4a73c/fast"
/usr/bin/make -f CMakeFiles/cmTC_4a73c.dir/build.make CMakeFiles/cmTC_4a73c.dir/build
make[1]: Entering directory `/home/sensei/team-nust-robocup/resources/nlopt/build/CMakeFiles/CMakeTmp'
Building C object CMakeFiles/cmTC_4a73c.dir/CheckFunctionExists.c.o
/usr/bin/cc    -DCHECK_FUNCTION_EXISTS=qsort_r   -o CMakeFiles/cmTC_4a73c.dir/CheckFunctionExists.c.o   -c /usr/share/cmake-3.5/Modules/CheckFunctionExists.c
Linking C executable cmTC_4a73c
/usr/bin/cmake -E cmake_link_script CMakeFiles/cmTC_4a73c.dir/link.txt --verbose=1
/usr/bin/cc   -DCHECK_FUNCTION_EXISTS=qsort_r    CMakeFiles/cmTC_4a73c.dir/CheckFunctionExists.c.o  -o cmTC_4a73c -rdynamic 
make[1]: Leaving directory `/home/sensei/team-nust-robocup/resources/nlopt/build/CMakeFiles/CMakeTmp'


Determining if the function time exists passed with the following output:
Change Dir: /home/sensei/team-nust-robocup/resources/nlopt/build/CMakeFiles/CMakeTmp

Run Build Command:"/usr/bin/make" "cmTC_9353b/fast"
/usr/bin/make -f CMakeFiles/cmTC_9353b.dir/build.make CMakeFiles/cmTC_9353b.dir/build
make[1]: Entering directory `/home/sensei/team-nust-robocup/resources/nlopt/build/CMakeFiles/CMakeTmp'
Building C object CMakeFiles/cmTC_9353b.dir/CheckFunctionExists.c.o
/usr/bin/cc    -DCHECK_FUNCTION_EXISTS=time   -o CMakeFiles/cmTC_9353b.dir/CheckFunctionExists.c.o   -c /usr/share/cmake-3.5/Modules/CheckFunctionExists.c
Linking C executable cmTC_9353b
/usr/bin/cmake -E cmake_link_script CMakeFiles/cmTC_9353b.dir/link.txt --verbose=1
/usr/bin/cc   -DCHECK_FUNCTION_EXISTS=time    CMakeFiles/cmTC_9353b.dir/CheckFunctionExists.c.o  -o cmTC_9353b -rdynamic 
make[1]: Leaving directory `/home/sensei/team-nust-robocup/resources/nlopt/build/CMakeFiles/CMakeTmp'


Determining if the function copysign exists passed with the following output:
Change Dir: /home/sensei/team-nust-robocup/resources/nlopt/build/CMakeFiles/CMakeTmp

Run Build Command:"/usr/bin/make" "cmTC_525b7/fast"
/usr/bin/make -f CMakeFiles/cmTC_525b7.dir/build.make CMakeFiles/cmTC_525b7.dir/build
make[1]: Entering directory `/home/sensei/team-nust-robocup/resources/nlopt/build/CMakeFiles/CMakeTmp'
Building C object CMakeFiles/cmTC_525b7.dir/CheckFunctionExists.c.o
/usr/bin/cc    -DCHECK_FUNCTION_EXISTS=copysign   -o CMakeFiles/cmTC_525b7.dir/CheckFunctionExists.c.o   -c /usr/share/cmake-3.5/Modules/CheckFunctionExists.c
<command-line>:0:23: warning: conflicting types for built-in function copysign [enabled by default]
/usr/share/cmake-3.5/Modules/CheckFunctionExists.c:6:6: note: in expansion of macro CHECK_FUNCTION_EXISTS
 char CHECK_FUNCTION_EXISTS();
      ^
Linking C executable cmTC_525b7
/usr/bin/cmake -E cmake_link_script CMakeFiles/cmTC_525b7.dir/link.txt --verbose=1
/usr/bin/cc   -DCHECK_FUNCTION_EXISTS=copysign    CMakeFiles/cmTC_525b7.dir/CheckFunctionExists.c.o  -o cmTC_525b7 -rdynamic 
make[1]: Leaving directory `/home/sensei/team-nust-robocup/resources/nlopt/build/CMakeFiles/CMakeTmp'


Determining if the include file stddef.h exists passed with the following output:
Change Dir: /home/sensei/team-nust-robocup/resources/nlopt/build/CMakeFiles/CMakeTmp

Run Build Command:"/usr/bin/make" "cmTC_8804c/fast"
/usr/bin/make -f CMakeFiles/cmTC_8804c.dir/build.make CMakeFiles/cmTC_8804c.dir/build
make[1]: Entering directory `/home/sensei/team-nust-robocup/resources/nlopt/build/CMakeFiles/CMakeTmp'
Building C object CMakeFiles/cmTC_8804c.dir/CheckIncludeFile.c.o
/usr/bin/cc     -o CMakeFiles/cmTC_8804c.dir/CheckIncludeFile.c.o   -c /home/sensei/team-nust-robocup/resources/nlopt/build/CMakeFiles/CMakeTmp/CheckIncludeFile.c
Linking C executable cmTC_8804c
/usr/bin/cmake -E cmake_link_script CMakeFiles/cmTC_8804c.dir/link.txt --verbose=1
/usr/bin/cc       CMakeFiles/cmTC_8804c.dir/CheckIncludeFile.c.o  -o cmTC_8804c -rdynamic 
make[1]: Leaving directory `/home/sensei/team-nust-robocup/resources/nlopt/build/CMakeFiles/CMakeTmp'


Determining size of uint32_t passed with the following output:
Change Dir: /home/sensei/team-nust-robocup/resources/nlopt/build/CMakeFiles/CMakeTmp

Run Build Command:"/usr/bin/make" "cmTC_6cb98/fast"
/usr/bin/make -f CMakeFiles/cmTC_6cb98.dir/build.make CMakeFiles/cmTC_6cb98.dir/build
make[1]: Entering directory `/home/sensei/team-nust-robocup/resources/nlopt/build/CMakeFiles/CMakeTmp'
Building C object CMakeFiles/cmTC_6cb98.dir/SIZEOF_UINT32_T.c.o
/usr/bin/cc     -o CMakeFiles/cmTC_6cb98.dir/SIZEOF_UINT32_T.c.o   -c /home/sensei/team-nust-robocup/resources/nlopt/build/CMakeFiles/CheckTypeSize/SIZEOF_UINT32_T.c
Linking C executable cmTC_6cb98
/usr/bin/cmake -E cmake_link_script CMakeFiles/cmTC_6cb98.dir/link.txt --verbose=1
/usr/bin/cc       CMakeFiles/cmTC_6cb98.dir/SIZEOF_UINT32_T.c.o  -o cmTC_6cb98 -rdynamic 
make[1]: Leaving directory `/home/sensei/team-nust-robocup/resources/nlopt/build/CMakeFiles/CMakeTmp'


Determining size of unsigned int passed with the following output:
Change Dir: /home/sensei/team-nust-robocup/resources/nlopt/build/CMakeFiles/CMakeTmp

Run Build Command:"/usr/bin/make" "cmTC_a895d/fast"
/usr/bin/make -f CMakeFiles/cmTC_a895d.dir/build.make CMakeFiles/cmTC_a895d.dir/build
make[1]: Entering directory `/home/sensei/team-nust-robocup/resources/nlopt/build/CMakeFiles/CMakeTmp'
Building C object CMakeFiles/cmTC_a895d.dir/SIZEOF_UNSIGNED_INT.c.o
/usr/bin/cc     -o CMakeFiles/cmTC_a895d.dir/SIZEOF_UNSIGNED_INT.c.o   -c /home/sensei/team-nust-robocup/resources/nlopt/build/CMakeFiles/CheckTypeSize/SIZEOF_UNSIGNED_INT.c
Linking C executable cmTC_a895d
/usr/bin/cmake -E cmake_link_script CMakeFiles/cmTC_a895d.dir/link.txt --verbose=1
/usr/bin/cc       CMakeFiles/cmTC_a895d.dir/SIZEOF_UNSIGNED_INT.c.o  -o cmTC_a895d -rdynamic 
make[1]: Leaving directory `/home/sensei/team-nust-robocup/resources/nlopt/build/CMakeFiles/CMakeTmp'


Determining size of unsigned long passed with the following output:
Change Dir: /home/sensei/team-nust-robocup/resources/nlopt/build/CMakeFiles/CMakeTmp

Run Build Command:"/usr/bin/make" "cmTC_4f14e/fast"
/usr/bin/make -f CMakeFiles/cmTC_4f14e.dir/build.make CMakeFiles/cmTC_4f14e.dir/build
make[1]: Entering directory `/home/sensei/team-nust-robocup/resources/nlopt/build/CMakeFiles/CMakeTmp'
Building C object CMakeFiles/cmTC_4f14e.dir/SIZEOF_UNSIGNED_LONG.c.o
/usr/bin/cc     -o CMakeFiles/cmTC_4f14e.dir/SIZEOF_UNSIGNED_LONG.c.o   -c /home/sensei/team-nust-robocup/resources/nlopt/build/CMakeFiles/CheckTypeSize/SIZEOF_UNSIGNED_LONG.c
Linking C executable cmTC_4f14e
/usr/bin/cmake -E cmake_link_script CMakeFiles/cmTC_4f14e.dir/link.txt --verbose=1
/usr/bin/cc       CMakeFiles/cmTC_4f14e.dir/SIZEOF_UNSIGNED_LONG.c.o  -o cmTC_4f14e -rdynamic 
make[1]: Leaving directory `/home/sensei/team-nust-robocup/resources/nlopt/build/CMakeFiles/CMakeTmp'


Determining if the function sqrt exists in the m passed with the following output:
Change Dir: /home/sensei/team-nust-robocup/resources/nlopt/build/CMakeFiles/CMakeTmp

Run Build Command:"/usr/bin/make" "cmTC_4a98c/fast"
/usr/bin/make -f CMakeFiles/cmTC_4a98c.dir/build.make CMakeFiles/cmTC_4a98c.dir/build
make[1]: Entering directory `/home/sensei/team-nust-robocup/resources/nlopt/build/CMakeFiles/CMakeTmp'
Building C object CMakeFiles/cmTC_4a98c.dir/CheckFunctionExists.c.o
/usr/bin/cc    -DCHECK_FUNCTION_EXISTS=sqrt   -o CMakeFiles/cmTC_4a98c.dir/CheckFunctionExists.c.o   -c /usr/share/cmake-3.5/Modules/CheckFunctionExists.c
<command-line>:0:23: warning: conflicting types for built-in function sqrt [enabled by default]
/usr/share/cmake-3.5/Modules/CheckFunctionExists.c:6:6: note: in expansion of macro CHECK_FUNCTION_EXISTS
 char CHECK_FUNCTION_EXISTS();
      ^
Linking C executable cmTC_4a98c
/usr/bin/cmake -E cmake_link_script CMakeFiles/cmTC_4a98c.dir/link.txt --verbose=1
/usr/bin/cc   -DCHECK_FUNCTION_EXISTS=sqrt    CMakeFiles/cmTC_4a98c.dir/CheckFunctionExists.c.o  -o cmTC_4a98c -rdynamic -lm 
make[1]: Leaving directory `/home/sensei/team-nust-robocup/resources/nlopt/build/CMakeFiles/CMakeTmp'


Performing C SOURCE FILE Test HAVE_THREAD_LOCAL_STORAGE succeeded with the following output:
Change Dir: /home/sensei/team-nust-robocup/resources/nlopt/build/CMakeFiles/CMakeTmp

Run Build Command:"/usr/bin/make" "cmTC_3bce0/fast"
/usr/bin/make -f CMakeFiles/cmTC_3bce0.dir/build.make CMakeFiles/cmTC_3bce0.dir/build
make[1]: Entering directory `/home/sensei/team-nust-robocup/resources/nlopt/build/CMakeFiles/CMakeTmp'
Building C object CMakeFiles/cmTC_3bce0.dir/src.c.o
/usr/bin/cc    -DHAVE_THREAD_LOCAL_STORAGE   -o CMakeFiles/cmTC_3bce0.dir/src.c.o   -c /home/sensei/team-nust-robocup/resources/nlopt/build/CMakeFiles/CMakeTmp/src.c
Linking C executable cmTC_3bce0
/usr/bin/cmake -E cmake_link_script CMakeFiles/cmTC_3bce0.dir/link.txt --verbose=1
/usr/bin/cc   -DHAVE_THREAD_LOCAL_STORAGE    CMakeFiles/cmTC_3bce0.dir/src.c.o  -o cmTC_3bce0 -rdynamic 
make[1]: Leaving directory `/home/sensei/team-nust-robocup/resources/nlopt/build/CMakeFiles/CMakeTmp'

Source file was:

    __thread int tls;
    int main(void) {
        return 0;
    }
Determining if the __cplusplus exist passed with the following output:
Change Dir: /home/sensei/team-nust-robocup/resources/nlopt/build/CMakeFiles/CMakeTmp

Run Build Command:"/usr/bin/make" "cmTC_2055b/fast"
/usr/bin/make -f CMakeFiles/cmTC_2055b.dir/build.make CMakeFiles/cmTC_2055b.dir/build
make[1]: Entering directory `/home/sensei/team-nust-robocup/resources/nlopt/build/CMakeFiles/CMakeTmp'
Building CXX object CMakeFiles/cmTC_2055b.dir/CheckSymbolExists.cxx.o
/usr/bin/c++      -o CMakeFiles/cmTC_2055b.dir/CheckSymbolExists.cxx.o -c /home/sensei/team-nust-robocup/resources/nlopt/build/CMakeFiles/CMakeTmp/CheckSymbolExists.cxx
Linking CXX executable cmTC_2055b
/usr/bin/cmake -E cmake_link_script CMakeFiles/cmTC_2055b.dir/link.txt --verbose=1
/usr/bin/c++        CMakeFiles/cmTC_2055b.dir/CheckSymbolExists.cxx.o  -o cmTC_2055b -rdynamic 
make[1]: Leaving directory `/home/sensei/team-nust-robocup/resources/nlopt/build/CMakeFiles/CMakeTmp'

File /home/sensei/team-nust-robocup/resources/nlopt/build/CMakeFiles/CMakeTmp/CheckSymbolExists.cxx:
/* */
#include <ciso646>

int main(int argc, char** argv)
{
  (void)argv;
#ifndef __cplusplus
  return ((int*)(&__cplusplus))[argc];
#else
  (void)argc;
  return 0;
#endif
}

Performing C++ SOURCE FILE Test SUPPORTS_STDCXX11 succeeded with the following output:
Change Dir: /home/sensei/team-nust-robocup/resources/nlopt/build/CMakeFiles/CMakeTmp

Run Build Command:"/usr/bin/make" "cmTC_51ef4/fast"
/usr/bin/make -f CMakeFiles/cmTC_51ef4.dir/build.make CMakeFiles/cmTC_51ef4.dir/build
make[1]: Entering directory `/home/sensei/team-nust-robocup/resources/nlopt/build/CMakeFiles/CMakeTmp'
Building CXX object CMakeFiles/cmTC_51ef4.dir/src.cxx.o
/usr/bin/c++     -DSUPPORTS_STDCXX11   -std=c++11 -o CMakeFiles/cmTC_51ef4.dir/src.cxx.o -c /home/sensei/team-nust-robocup/resources/nlopt/build/CMakeFiles/CMakeTmp/src.cxx
Linking CXX executable cmTC_51ef4
/usr/bin/cmake -E cmake_link_script CMakeFiles/cmTC_51ef4.dir/link.txt --verbose=1
/usr/bin/c++    -DSUPPORTS_STDCXX11    CMakeFiles/cmTC_51ef4.dir/src.cxx.o  -o cmTC_51ef4 -rdynamic 
make[1]: Leaving directory `/home/sensei/team-nust-robocup/resources/nlopt/build/CMakeFiles/CMakeTmp'

Source file was:
int main() { return 0; }
