Determining if the pthread_create exist failed with the following output:
Change Dir: /home/umaidzz/Documents/team-nust/team-nust-robocup-v2/build/Release-Motion/build-remote/team-nust-robocup/CMakeFiles/CMakeTmp

Run Build Command:"/usr/bin/make" "cmTC_c9d68/fast"
make[1]: Entering directory `/home/umaidzz/Documents/team-nust/team-nust-robocup-v2/build/Release-Motion/build-remote/team-nust-robocup/CMakeFiles/CMakeTmp'
/usr/bin/make -f CMakeFiles/cmTC_c9d68.dir/build.make CMakeFiles/cmTC_c9d68.dir/build
make[2]: Entering directory `/home/umaidzz/Documents/team-nust/team-nust-robocup-v2/build/Release-Motion/build-remote/team-nust-robocup/CMakeFiles/CMakeTmp'
Building C object CMakeFiles/cmTC_c9d68.dir/CheckSymbolExists.c.o
/usr/bin/cc     -o CMakeFiles/cmTC_c9d68.dir/CheckSymbolExists.c.o   -c /home/umaidzz/Documents/team-nust/team-nust-robocup-v2/build/Release-Motion/build-remote/team-nust-robocup/CMakeFiles/CMakeTmp/CheckSymbolExists.c
Linking C executable cmTC_c9d68
/usr/bin/cmake -E cmake_link_script CMakeFiles/cmTC_c9d68.dir/link.txt --verbose=1
/usr/bin/cc       CMakeFiles/cmTC_c9d68.dir/CheckSymbolExists.c.o  -o cmTC_c9d68 -rdynamic 
CMakeFiles/cmTC_c9d68.dir/CheckSymbolExists.c.o: In function `main':
CheckSymbolExists.c:(.text+0x16): undefined reference to `pthread_create'
collect2: error: ld returned 1 exit status
make[2]: *** [cmTC_c9d68] Error 1
make[2]: Leaving directory `/home/umaidzz/Documents/team-nust/team-nust-robocup-v2/build/Release-Motion/build-remote/team-nust-robocup/CMakeFiles/CMakeTmp'
make[1]: *** [cmTC_c9d68/fast] Error 2
make[1]: Leaving directory `/home/umaidzz/Documents/team-nust/team-nust-robocup-v2/build/Release-Motion/build-remote/team-nust-robocup/CMakeFiles/CMakeTmp'

File /home/umaidzz/Documents/team-nust/team-nust-robocup-v2/build/Release-Motion/build-remote/team-nust-robocup/CMakeFiles/CMakeTmp/CheckSymbolExists.c:
/* */
#include <pthread.h>

int main(int argc, char** argv)
{
  (void)argv;
#ifndef pthread_create
  return ((int*)(&pthread_create))[argc];
#else
  (void)argc;
  return 0;
#endif
}

Determining if the function pthread_create exists in the pthreads failed with the following output:
Change Dir: /home/umaidzz/Documents/team-nust/team-nust-robocup-v2/build/Release-Motion/build-remote/team-nust-robocup/CMakeFiles/CMakeTmp

Run Build Command:"/usr/bin/make" "cmTC_f8b30/fast"
make[1]: Entering directory `/home/umaidzz/Documents/team-nust/team-nust-robocup-v2/build/Release-Motion/build-remote/team-nust-robocup/CMakeFiles/CMakeTmp'
/usr/bin/make -f CMakeFiles/cmTC_f8b30.dir/build.make CMakeFiles/cmTC_f8b30.dir/build
make[2]: Entering directory `/home/umaidzz/Documents/team-nust/team-nust-robocup-v2/build/Release-Motion/build-remote/team-nust-robocup/CMakeFiles/CMakeTmp'
Building C object CMakeFiles/cmTC_f8b30.dir/CheckFunctionExists.c.o
/usr/bin/cc    -DCHECK_FUNCTION_EXISTS=pthread_create   -o CMakeFiles/cmTC_f8b30.dir/CheckFunctionExists.c.o   -c /usr/share/cmake-3.5/Modules/CheckFunctionExists.c
Linking C executable cmTC_f8b30
/usr/bin/cmake -E cmake_link_script CMakeFiles/cmTC_f8b30.dir/link.txt --verbose=1
/usr/bin/cc   -DCHECK_FUNCTION_EXISTS=pthread_create    CMakeFiles/cmTC_f8b30.dir/CheckFunctionExists.c.o  -o cmTC_f8b30 -rdynamic -lpthreads 
/usr/bin/ld: cannot find -lpthreads
collect2: error: ld returned 1 exit status
make[2]: *** [cmTC_f8b30] Error 1
make[2]: Leaving directory `/home/umaidzz/Documents/team-nust/team-nust-robocup-v2/build/Release-Motion/build-remote/team-nust-robocup/CMakeFiles/CMakeTmp'
make[1]: *** [cmTC_f8b30/fast] Error 2
make[1]: Leaving directory `/home/umaidzz/Documents/team-nust/team-nust-robocup-v2/build/Release-Motion/build-remote/team-nust-robocup/CMakeFiles/CMakeTmp'


Determining if the pthread_create exist failed with the following output:
Change Dir: /home/umaidzz/Documents/team-nust/team-nust-robocup-v2/build/Release-Motion/build-remote/team-nust-robocup/CMakeFiles/CMakeTmp

Run Build Command:"/usr/bin/make" "cmTC_bf29c/fast"
make[1]: Entering directory `/home/umaidzz/Documents/team-nust/team-nust-robocup-v2/build/Release-Motion/build-remote/team-nust-robocup/CMakeFiles/CMakeTmp'
/usr/bin/make -f CMakeFiles/cmTC_bf29c.dir/build.make CMakeFiles/cmTC_bf29c.dir/build
make[2]: Entering directory `/home/umaidzz/Documents/team-nust/team-nust-robocup-v2/build/Release-Motion/build-remote/team-nust-robocup/CMakeFiles/CMakeTmp'
Building C object CMakeFiles/cmTC_bf29c.dir/CheckSymbolExists.c.o
/usr/bin/cc     -o CMakeFiles/cmTC_bf29c.dir/CheckSymbolExists.c.o   -c /home/umaidzz/Documents/team-nust/team-nust-robocup-v2/build/Release-Motion/build-remote/team-nust-robocup/CMakeFiles/CMakeTmp/CheckSymbolExists.c
Linking C executable cmTC_bf29c
/usr/bin/cmake -E cmake_link_script CMakeFiles/cmTC_bf29c.dir/link.txt --verbose=1
/usr/bin/cc       CMakeFiles/cmTC_bf29c.dir/CheckSymbolExists.c.o  -o cmTC_bf29c -rdynamic 
CMakeFiles/cmTC_bf29c.dir/CheckSymbolExists.c.o: In function `main':
CheckSymbolExists.c:(.text+0x16): undefined reference to `pthread_create'
collect2: error: ld returned 1 exit status
make[2]: *** [cmTC_bf29c] Error 1
make[2]: Leaving directory `/home/umaidzz/Documents/team-nust/team-nust-robocup-v2/build/Release-Motion/build-remote/team-nust-robocup/CMakeFiles/CMakeTmp'
make[1]: *** [cmTC_bf29c/fast] Error 2
make[1]: Leaving directory `/home/umaidzz/Documents/team-nust/team-nust-robocup-v2/build/Release-Motion/build-remote/team-nust-robocup/CMakeFiles/CMakeTmp'

File /home/umaidzz/Documents/team-nust/team-nust-robocup-v2/build/Release-Motion/build-remote/team-nust-robocup/CMakeFiles/CMakeTmp/CheckSymbolExists.c:
/* */
#include <pthread.h>

int main(int argc, char** argv)
{
  (void)argv;
#ifndef pthread_create
  return ((int*)(&pthread_create))[argc];
#else
  (void)argc;
  return 0;
#endif
}

Determining if the function pthread_create exists in the pthreads failed with the following output:
Change Dir: /home/umaidzz/Documents/team-nust/team-nust-robocup-v2/build/Release-Motion/build-remote/team-nust-robocup/CMakeFiles/CMakeTmp

Run Build Command:"/usr/bin/make" "cmTC_c3590/fast"
make[1]: Entering directory `/home/umaidzz/Documents/team-nust/team-nust-robocup-v2/build/Release-Motion/build-remote/team-nust-robocup/CMakeFiles/CMakeTmp'
/usr/bin/make -f CMakeFiles/cmTC_c3590.dir/build.make CMakeFiles/cmTC_c3590.dir/build
make[2]: Entering directory `/home/umaidzz/Documents/team-nust/team-nust-robocup-v2/build/Release-Motion/build-remote/team-nust-robocup/CMakeFiles/CMakeTmp'
Building C object CMakeFiles/cmTC_c3590.dir/CheckFunctionExists.c.o
/usr/bin/cc    -DCHECK_FUNCTION_EXISTS=pthread_create   -o CMakeFiles/cmTC_c3590.dir/CheckFunctionExists.c.o   -c /usr/share/cmake-3.5/Modules/CheckFunctionExists.c
Linking C executable cmTC_c3590
/usr/bin/cmake -E cmake_link_script CMakeFiles/cmTC_c3590.dir/link.txt --verbose=1
/usr/bin/cc   -DCHECK_FUNCTION_EXISTS=pthread_create    CMakeFiles/cmTC_c3590.dir/CheckFunctionExists.c.o  -o cmTC_c3590 -rdynamic -lpthreads 
/usr/bin/ld: cannot find -lpthreads
collect2: error: ld returned 1 exit status
make[2]: *** [cmTC_c3590] Error 1
make[2]: Leaving directory `/home/umaidzz/Documents/team-nust/team-nust-robocup-v2/build/Release-Motion/build-remote/team-nust-robocup/CMakeFiles/CMakeTmp'
make[1]: *** [cmTC_c3590/fast] Error 2
make[1]: Leaving directory `/home/umaidzz/Documents/team-nust/team-nust-robocup-v2/build/Release-Motion/build-remote/team-nust-robocup/CMakeFiles/CMakeTmp'


Determining if the pthread_create exist failed with the following output:
Change Dir: /home/umaidzz/Documents/team-nust/team-nust-robocup-v2/build/Release-Motion/build-remote/team-nust-robocup/CMakeFiles/CMakeTmp

Run Build Command:"/usr/bin/make" "cmTC_c59c7/fast"
make[1]: Entering directory `/home/umaidzz/Documents/team-nust/team-nust-robocup-v2/build/Release-Motion/build-remote/team-nust-robocup/CMakeFiles/CMakeTmp'
/usr/bin/make -f CMakeFiles/cmTC_c59c7.dir/build.make CMakeFiles/cmTC_c59c7.dir/build
make[2]: Entering directory `/home/umaidzz/Documents/team-nust/team-nust-robocup-v2/build/Release-Motion/build-remote/team-nust-robocup/CMakeFiles/CMakeTmp'
Building C object CMakeFiles/cmTC_c59c7.dir/CheckSymbolExists.c.o
/usr/bin/cc     -o CMakeFiles/cmTC_c59c7.dir/CheckSymbolExists.c.o   -c /home/umaidzz/Documents/team-nust/team-nust-robocup-v2/build/Release-Motion/build-remote/team-nust-robocup/CMakeFiles/CMakeTmp/CheckSymbolExists.c
Linking C executable cmTC_c59c7
/usr/bin/cmake -E cmake_link_script CMakeFiles/cmTC_c59c7.dir/link.txt --verbose=1
/usr/bin/cc       CMakeFiles/cmTC_c59c7.dir/CheckSymbolExists.c.o  -o cmTC_c59c7 -rdynamic 
CMakeFiles/cmTC_c59c7.dir/CheckSymbolExists.c.o: In function `main':
CheckSymbolExists.c:(.text+0x16): undefined reference to `pthread_create'
collect2: error: ld returned 1 exit status
make[2]: *** [cmTC_c59c7] Error 1
make[2]: Leaving directory `/home/umaidzz/Documents/team-nust/team-nust-robocup-v2/build/Release-Motion/build-remote/team-nust-robocup/CMakeFiles/CMakeTmp'
make[1]: *** [cmTC_c59c7/fast] Error 2
make[1]: Leaving directory `/home/umaidzz/Documents/team-nust/team-nust-robocup-v2/build/Release-Motion/build-remote/team-nust-robocup/CMakeFiles/CMakeTmp'

File /home/umaidzz/Documents/team-nust/team-nust-robocup-v2/build/Release-Motion/build-remote/team-nust-robocup/CMakeFiles/CMakeTmp/CheckSymbolExists.c:
/* */
#include <pthread.h>

int main(int argc, char** argv)
{
  (void)argv;
#ifndef pthread_create
  return ((int*)(&pthread_create))[argc];
#else
  (void)argc;
  return 0;
#endif
}

Determining if the function pthread_create exists in the pthreads failed with the following output:
Change Dir: /home/umaidzz/Documents/team-nust/team-nust-robocup-v2/build/Release-Motion/build-remote/team-nust-robocup/CMakeFiles/CMakeTmp

Run Build Command:"/usr/bin/make" "cmTC_648dc/fast"
make[1]: Entering directory `/home/umaidzz/Documents/team-nust/team-nust-robocup-v2/build/Release-Motion/build-remote/team-nust-robocup/CMakeFiles/CMakeTmp'
/usr/bin/make -f CMakeFiles/cmTC_648dc.dir/build.make CMakeFiles/cmTC_648dc.dir/build
make[2]: Entering directory `/home/umaidzz/Documents/team-nust/team-nust-robocup-v2/build/Release-Motion/build-remote/team-nust-robocup/CMakeFiles/CMakeTmp'
Building C object CMakeFiles/cmTC_648dc.dir/CheckFunctionExists.c.o
/usr/bin/cc    -DCHECK_FUNCTION_EXISTS=pthread_create   -o CMakeFiles/cmTC_648dc.dir/CheckFunctionExists.c.o   -c /usr/share/cmake-3.5/Modules/CheckFunctionExists.c
Linking C executable cmTC_648dc
/usr/bin/cmake -E cmake_link_script CMakeFiles/cmTC_648dc.dir/link.txt --verbose=1
/usr/bin/cc   -DCHECK_FUNCTION_EXISTS=pthread_create    CMakeFiles/cmTC_648dc.dir/CheckFunctionExists.c.o  -o cmTC_648dc -rdynamic -lpthreads 
/usr/bin/ld: cannot find -lpthreads
collect2: error: ld returned 1 exit status
make[2]: *** [cmTC_648dc] Error 1
make[2]: Leaving directory `/home/umaidzz/Documents/team-nust/team-nust-robocup-v2/build/Release-Motion/build-remote/team-nust-robocup/CMakeFiles/CMakeTmp'
make[1]: *** [cmTC_648dc/fast] Error 2
make[1]: Leaving directory `/home/umaidzz/Documents/team-nust/team-nust-robocup-v2/build/Release-Motion/build-remote/team-nust-robocup/CMakeFiles/CMakeTmp'


Determining if the pthread_create exist failed with the following output:
Change Dir: /home/umaidzz/Documents/team-nust/team-nust-robocup-v2/build/Release-Motion/build-remote/team-nust-robocup/CMakeFiles/CMakeTmp

Run Build Command:"/usr/bin/make" "cmTC_7cda5/fast"
make[1]: Entering directory `/home/umaidzz/Documents/team-nust/team-nust-robocup-v2/build/Release-Motion/build-remote/team-nust-robocup/CMakeFiles/CMakeTmp'
/usr/bin/make -f CMakeFiles/cmTC_7cda5.dir/build.make CMakeFiles/cmTC_7cda5.dir/build
make[2]: Entering directory `/home/umaidzz/Documents/team-nust/team-nust-robocup-v2/build/Release-Motion/build-remote/team-nust-robocup/CMakeFiles/CMakeTmp'
Building C object CMakeFiles/cmTC_7cda5.dir/CheckSymbolExists.c.o
/usr/bin/cc     -o CMakeFiles/cmTC_7cda5.dir/CheckSymbolExists.c.o   -c /home/umaidzz/Documents/team-nust/team-nust-robocup-v2/build/Release-Motion/build-remote/team-nust-robocup/CMakeFiles/CMakeTmp/CheckSymbolExists.c
Linking C executable cmTC_7cda5
/usr/bin/cmake -E cmake_link_script CMakeFiles/cmTC_7cda5.dir/link.txt --verbose=1
/usr/bin/cc       CMakeFiles/cmTC_7cda5.dir/CheckSymbolExists.c.o  -o cmTC_7cda5 -rdynamic 
CMakeFiles/cmTC_7cda5.dir/CheckSymbolExists.c.o: In function `main':
CheckSymbolExists.c:(.text+0x16): undefined reference to `pthread_create'
collect2: error: ld returned 1 exit status
make[2]: *** [cmTC_7cda5] Error 1
make[2]: Leaving directory `/home/umaidzz/Documents/team-nust/team-nust-robocup-v2/build/Release-Motion/build-remote/team-nust-robocup/CMakeFiles/CMakeTmp'
make[1]: *** [cmTC_7cda5/fast] Error 2
make[1]: Leaving directory `/home/umaidzz/Documents/team-nust/team-nust-robocup-v2/build/Release-Motion/build-remote/team-nust-robocup/CMakeFiles/CMakeTmp'

File /home/umaidzz/Documents/team-nust/team-nust-robocup-v2/build/Release-Motion/build-remote/team-nust-robocup/CMakeFiles/CMakeTmp/CheckSymbolExists.c:
/* */
#include <pthread.h>

int main(int argc, char** argv)
{
  (void)argv;
#ifndef pthread_create
  return ((int*)(&pthread_create))[argc];
#else
  (void)argc;
  return 0;
#endif
}

Determining if the function pthread_create exists in the pthreads failed with the following output:
Change Dir: /home/umaidzz/Documents/team-nust/team-nust-robocup-v2/build/Release-Motion/build-remote/team-nust-robocup/CMakeFiles/CMakeTmp

Run Build Command:"/usr/bin/make" "cmTC_f201a/fast"
make[1]: Entering directory `/home/umaidzz/Documents/team-nust/team-nust-robocup-v2/build/Release-Motion/build-remote/team-nust-robocup/CMakeFiles/CMakeTmp'
/usr/bin/make -f CMakeFiles/cmTC_f201a.dir/build.make CMakeFiles/cmTC_f201a.dir/build
make[2]: Entering directory `/home/umaidzz/Documents/team-nust/team-nust-robocup-v2/build/Release-Motion/build-remote/team-nust-robocup/CMakeFiles/CMakeTmp'
Building C object CMakeFiles/cmTC_f201a.dir/CheckFunctionExists.c.o
/usr/bin/cc    -DCHECK_FUNCTION_EXISTS=pthread_create   -o CMakeFiles/cmTC_f201a.dir/CheckFunctionExists.c.o   -c /usr/share/cmake-3.5/Modules/CheckFunctionExists.c
Linking C executable cmTC_f201a
/usr/bin/cmake -E cmake_link_script CMakeFiles/cmTC_f201a.dir/link.txt --verbose=1
/usr/bin/cc   -DCHECK_FUNCTION_EXISTS=pthread_create    CMakeFiles/cmTC_f201a.dir/CheckFunctionExists.c.o  -o cmTC_f201a -rdynamic -lpthreads 
/usr/bin/ld: cannot find -lpthreads
collect2: error: ld returned 1 exit status
make[2]: *** [cmTC_f201a] Error 1
make[2]: Leaving directory `/home/umaidzz/Documents/team-nust/team-nust-robocup-v2/build/Release-Motion/build-remote/team-nust-robocup/CMakeFiles/CMakeTmp'
make[1]: *** [cmTC_f201a/fast] Error 2
make[1]: Leaving directory `/home/umaidzz/Documents/team-nust/team-nust-robocup-v2/build/Release-Motion/build-remote/team-nust-robocup/CMakeFiles/CMakeTmp'


Determining if the pthread_create exist failed with the following output:
Change Dir: /home/umaidzz/Documents/team-nust/team-nust-robocup-v2/build/Release-Motion/build-remote/team-nust-robocup/CMakeFiles/CMakeTmp

Run Build Command:"/usr/bin/make" "cmTC_47eb4/fast"
make[1]: Entering directory `/home/umaidzz/Documents/team-nust/team-nust-robocup-v2/build/Release-Motion/build-remote/team-nust-robocup/CMakeFiles/CMakeTmp'
/usr/bin/make -f CMakeFiles/cmTC_47eb4.dir/build.make CMakeFiles/cmTC_47eb4.dir/build
make[2]: Entering directory `/home/umaidzz/Documents/team-nust/team-nust-robocup-v2/build/Release-Motion/build-remote/team-nust-robocup/CMakeFiles/CMakeTmp'
Building C object CMakeFiles/cmTC_47eb4.dir/CheckSymbolExists.c.o
/usr/bin/cc     -o CMakeFiles/cmTC_47eb4.dir/CheckSymbolExists.c.o   -c /home/umaidzz/Documents/team-nust/team-nust-robocup-v2/build/Release-Motion/build-remote/team-nust-robocup/CMakeFiles/CMakeTmp/CheckSymbolExists.c
Linking C executable cmTC_47eb4
/usr/bin/cmake -E cmake_link_script CMakeFiles/cmTC_47eb4.dir/link.txt --verbose=1
/usr/bin/cc       CMakeFiles/cmTC_47eb4.dir/CheckSymbolExists.c.o  -o cmTC_47eb4 -rdynamic 
CMakeFiles/cmTC_47eb4.dir/CheckSymbolExists.c.o: In function `main':
CheckSymbolExists.c:(.text+0x16): undefined reference to `pthread_create'
collect2: error: ld returned 1 exit status
make[2]: *** [cmTC_47eb4] Error 1
make[2]: Leaving directory `/home/umaidzz/Documents/team-nust/team-nust-robocup-v2/build/Release-Motion/build-remote/team-nust-robocup/CMakeFiles/CMakeTmp'
make[1]: *** [cmTC_47eb4/fast] Error 2
make[1]: Leaving directory `/home/umaidzz/Documents/team-nust/team-nust-robocup-v2/build/Release-Motion/build-remote/team-nust-robocup/CMakeFiles/CMakeTmp'

File /home/umaidzz/Documents/team-nust/team-nust-robocup-v2/build/Release-Motion/build-remote/team-nust-robocup/CMakeFiles/CMakeTmp/CheckSymbolExists.c:
/* */
#include <pthread.h>

int main(int argc, char** argv)
{
  (void)argv;
#ifndef pthread_create
  return ((int*)(&pthread_create))[argc];
#else
  (void)argc;
  return 0;
#endif
}

Determining if the function pthread_create exists in the pthreads failed with the following output:
Change Dir: /home/umaidzz/Documents/team-nust/team-nust-robocup-v2/build/Release-Motion/build-remote/team-nust-robocup/CMakeFiles/CMakeTmp

Run Build Command:"/usr/bin/make" "cmTC_90578/fast"
make[1]: Entering directory `/home/umaidzz/Documents/team-nust/team-nust-robocup-v2/build/Release-Motion/build-remote/team-nust-robocup/CMakeFiles/CMakeTmp'
/usr/bin/make -f CMakeFiles/cmTC_90578.dir/build.make CMakeFiles/cmTC_90578.dir/build
make[2]: Entering directory `/home/umaidzz/Documents/team-nust/team-nust-robocup-v2/build/Release-Motion/build-remote/team-nust-robocup/CMakeFiles/CMakeTmp'
Building C object CMakeFiles/cmTC_90578.dir/CheckFunctionExists.c.o
/usr/bin/cc    -DCHECK_FUNCTION_EXISTS=pthread_create   -o CMakeFiles/cmTC_90578.dir/CheckFunctionExists.c.o   -c /usr/share/cmake-3.5/Modules/CheckFunctionExists.c
Linking C executable cmTC_90578
/usr/bin/cmake -E cmake_link_script CMakeFiles/cmTC_90578.dir/link.txt --verbose=1
/usr/bin/cc   -DCHECK_FUNCTION_EXISTS=pthread_create    CMakeFiles/cmTC_90578.dir/CheckFunctionExists.c.o  -o cmTC_90578 -rdynamic -lpthreads 
/usr/bin/ld: cannot find -lpthreads
collect2: error: ld returned 1 exit status
make[2]: *** [cmTC_90578] Error 1
make[2]: Leaving directory `/home/umaidzz/Documents/team-nust/team-nust-robocup-v2/build/Release-Motion/build-remote/team-nust-robocup/CMakeFiles/CMakeTmp'
make[1]: *** [cmTC_90578/fast] Error 2
make[1]: Leaving directory `/home/umaidzz/Documents/team-nust/team-nust-robocup-v2/build/Release-Motion/build-remote/team-nust-robocup/CMakeFiles/CMakeTmp'


Determining if the pthread_create exist failed with the following output:
Change Dir: /home/umaidzz/Documents/team-nust/team-nust-robocup-v2/build/Release-Motion/build-remote/team-nust-robocup/CMakeFiles/CMakeTmp

Run Build Command:"/usr/bin/make" "cmTC_ca18f/fast"
make[1]: Entering directory `/home/umaidzz/Documents/team-nust/team-nust-robocup-v2/build/Release-Motion/build-remote/team-nust-robocup/CMakeFiles/CMakeTmp'
/usr/bin/make -f CMakeFiles/cmTC_ca18f.dir/build.make CMakeFiles/cmTC_ca18f.dir/build
make[2]: Entering directory `/home/umaidzz/Documents/team-nust/team-nust-robocup-v2/build/Release-Motion/build-remote/team-nust-robocup/CMakeFiles/CMakeTmp'
Building C object CMakeFiles/cmTC_ca18f.dir/CheckSymbolExists.c.o
/usr/bin/cc     -o CMakeFiles/cmTC_ca18f.dir/CheckSymbolExists.c.o   -c /home/umaidzz/Documents/team-nust/team-nust-robocup-v2/build/Release-Motion/build-remote/team-nust-robocup/CMakeFiles/CMakeTmp/CheckSymbolExists.c
Linking C executable cmTC_ca18f
/usr/bin/cmake -E cmake_link_script CMakeFiles/cmTC_ca18f.dir/link.txt --verbose=1
/usr/bin/cc       CMakeFiles/cmTC_ca18f.dir/CheckSymbolExists.c.o  -o cmTC_ca18f -rdynamic 
CMakeFiles/cmTC_ca18f.dir/CheckSymbolExists.c.o: In function `main':
CheckSymbolExists.c:(.text+0x16): undefined reference to `pthread_create'
collect2: error: ld returned 1 exit status
make[2]: *** [cmTC_ca18f] Error 1
make[2]: Leaving directory `/home/umaidzz/Documents/team-nust/team-nust-robocup-v2/build/Release-Motion/build-remote/team-nust-robocup/CMakeFiles/CMakeTmp'
make[1]: *** [cmTC_ca18f/fast] Error 2
make[1]: Leaving directory `/home/umaidzz/Documents/team-nust/team-nust-robocup-v2/build/Release-Motion/build-remote/team-nust-robocup/CMakeFiles/CMakeTmp'

File /home/umaidzz/Documents/team-nust/team-nust-robocup-v2/build/Release-Motion/build-remote/team-nust-robocup/CMakeFiles/CMakeTmp/CheckSymbolExists.c:
/* */
#include <pthread.h>

int main(int argc, char** argv)
{
  (void)argv;
#ifndef pthread_create
  return ((int*)(&pthread_create))[argc];
#else
  (void)argc;
  return 0;
#endif
}

Determining if the function pthread_create exists in the pthreads failed with the following output:
Change Dir: /home/umaidzz/Documents/team-nust/team-nust-robocup-v2/build/Release-Motion/build-remote/team-nust-robocup/CMakeFiles/CMakeTmp

Run Build Command:"/usr/bin/make" "cmTC_8afe7/fast"
make[1]: Entering directory `/home/umaidzz/Documents/team-nust/team-nust-robocup-v2/build/Release-Motion/build-remote/team-nust-robocup/CMakeFiles/CMakeTmp'
/usr/bin/make -f CMakeFiles/cmTC_8afe7.dir/build.make CMakeFiles/cmTC_8afe7.dir/build
make[2]: Entering directory `/home/umaidzz/Documents/team-nust/team-nust-robocup-v2/build/Release-Motion/build-remote/team-nust-robocup/CMakeFiles/CMakeTmp'
Building C object CMakeFiles/cmTC_8afe7.dir/CheckFunctionExists.c.o
/usr/bin/cc    -DCHECK_FUNCTION_EXISTS=pthread_create   -o CMakeFiles/cmTC_8afe7.dir/CheckFunctionExists.c.o   -c /usr/share/cmake-3.5/Modules/CheckFunctionExists.c
Linking C executable cmTC_8afe7
/usr/bin/cmake -E cmake_link_script CMakeFiles/cmTC_8afe7.dir/link.txt --verbose=1
/usr/bin/cc   -DCHECK_FUNCTION_EXISTS=pthread_create    CMakeFiles/cmTC_8afe7.dir/CheckFunctionExists.c.o  -o cmTC_8afe7 -rdynamic -lpthreads 
/usr/bin/ld: cannot find -lpthreads
collect2: error: ld returned 1 exit status
make[2]: *** [cmTC_8afe7] Error 1
make[2]: Leaving directory `/home/umaidzz/Documents/team-nust/team-nust-robocup-v2/build/Release-Motion/build-remote/team-nust-robocup/CMakeFiles/CMakeTmp'
make[1]: *** [cmTC_8afe7/fast] Error 2
make[1]: Leaving directory `/home/umaidzz/Documents/team-nust/team-nust-robocup-v2/build/Release-Motion/build-remote/team-nust-robocup/CMakeFiles/CMakeTmp'


Determining if the pthread_create exist failed with the following output:
Change Dir: /home/umaidzz/Documents/team-nust/team-nust-robocup-v2/build/Release-Motion/build-remote/team-nust-robocup/CMakeFiles/CMakeTmp

Run Build Command:"/usr/bin/make" "cmTC_a2841/fast"
make[1]: Entering directory `/home/umaidzz/Documents/team-nust/team-nust-robocup-v2/build/Release-Motion/build-remote/team-nust-robocup/CMakeFiles/CMakeTmp'
/usr/bin/make -f CMakeFiles/cmTC_a2841.dir/build.make CMakeFiles/cmTC_a2841.dir/build
make[2]: Entering directory `/home/umaidzz/Documents/team-nust/team-nust-robocup-v2/build/Release-Motion/build-remote/team-nust-robocup/CMakeFiles/CMakeTmp'
Building C object CMakeFiles/cmTC_a2841.dir/CheckSymbolExists.c.o
/usr/bin/cc     -o CMakeFiles/cmTC_a2841.dir/CheckSymbolExists.c.o   -c /home/umaidzz/Documents/team-nust/team-nust-robocup-v2/build/Release-Motion/build-remote/team-nust-robocup/CMakeFiles/CMakeTmp/CheckSymbolExists.c
Linking C executable cmTC_a2841
/usr/bin/cmake -E cmake_link_script CMakeFiles/cmTC_a2841.dir/link.txt --verbose=1
/usr/bin/cc       CMakeFiles/cmTC_a2841.dir/CheckSymbolExists.c.o  -o cmTC_a2841 -rdynamic 
CMakeFiles/cmTC_a2841.dir/CheckSymbolExists.c.o: In function `main':
CheckSymbolExists.c:(.text+0x16): undefined reference to `pthread_create'
collect2: error: ld returned 1 exit status
make[2]: *** [cmTC_a2841] Error 1
make[2]: Leaving directory `/home/umaidzz/Documents/team-nust/team-nust-robocup-v2/build/Release-Motion/build-remote/team-nust-robocup/CMakeFiles/CMakeTmp'
make[1]: *** [cmTC_a2841/fast] Error 2
make[1]: Leaving directory `/home/umaidzz/Documents/team-nust/team-nust-robocup-v2/build/Release-Motion/build-remote/team-nust-robocup/CMakeFiles/CMakeTmp'

File /home/umaidzz/Documents/team-nust/team-nust-robocup-v2/build/Release-Motion/build-remote/team-nust-robocup/CMakeFiles/CMakeTmp/CheckSymbolExists.c:
/* */
#include <pthread.h>

int main(int argc, char** argv)
{
  (void)argv;
#ifndef pthread_create
  return ((int*)(&pthread_create))[argc];
#else
  (void)argc;
  return 0;
#endif
}

Determining if the function pthread_create exists in the pthreads failed with the following output:
Change Dir: /home/umaidzz/Documents/team-nust/team-nust-robocup-v2/build/Release-Motion/build-remote/team-nust-robocup/CMakeFiles/CMakeTmp

Run Build Command:"/usr/bin/make" "cmTC_c2992/fast"
make[1]: Entering directory `/home/umaidzz/Documents/team-nust/team-nust-robocup-v2/build/Release-Motion/build-remote/team-nust-robocup/CMakeFiles/CMakeTmp'
/usr/bin/make -f CMakeFiles/cmTC_c2992.dir/build.make CMakeFiles/cmTC_c2992.dir/build
make[2]: Entering directory `/home/umaidzz/Documents/team-nust/team-nust-robocup-v2/build/Release-Motion/build-remote/team-nust-robocup/CMakeFiles/CMakeTmp'
Building C object CMakeFiles/cmTC_c2992.dir/CheckFunctionExists.c.o
/usr/bin/cc    -DCHECK_FUNCTION_EXISTS=pthread_create   -o CMakeFiles/cmTC_c2992.dir/CheckFunctionExists.c.o   -c /usr/share/cmake-3.5/Modules/CheckFunctionExists.c
Linking C executable cmTC_c2992
/usr/bin/cmake -E cmake_link_script CMakeFiles/cmTC_c2992.dir/link.txt --verbose=1
/usr/bin/cc   -DCHECK_FUNCTION_EXISTS=pthread_create    CMakeFiles/cmTC_c2992.dir/CheckFunctionExists.c.o  -o cmTC_c2992 -rdynamic -lpthreads 
/usr/bin/ld: cannot find -lpthreads
collect2: error: ld returned 1 exit status
make[2]: *** [cmTC_c2992] Error 1
make[2]: Leaving directory `/home/umaidzz/Documents/team-nust/team-nust-robocup-v2/build/Release-Motion/build-remote/team-nust-robocup/CMakeFiles/CMakeTmp'
make[1]: *** [cmTC_c2992/fast] Error 2
make[1]: Leaving directory `/home/umaidzz/Documents/team-nust/team-nust-robocup-v2/build/Release-Motion/build-remote/team-nust-robocup/CMakeFiles/CMakeTmp'


Determining if the pthread_create exist failed with the following output:
Change Dir: /home/umaidzz/Documents/team-nust/team-nust-robocup-v2/build/Release-Motion/build-remote/team-nust-robocup/CMakeFiles/CMakeTmp

Run Build Command:"/usr/bin/make" "cmTC_2786e/fast"
make[1]: Entering directory `/home/umaidzz/Documents/team-nust/team-nust-robocup-v2/build/Release-Motion/build-remote/team-nust-robocup/CMakeFiles/CMakeTmp'
/usr/bin/make -f CMakeFiles/cmTC_2786e.dir/build.make CMakeFiles/cmTC_2786e.dir/build
make[2]: Entering directory `/home/umaidzz/Documents/team-nust/team-nust-robocup-v2/build/Release-Motion/build-remote/team-nust-robocup/CMakeFiles/CMakeTmp'
Building C object CMakeFiles/cmTC_2786e.dir/CheckSymbolExists.c.o
/usr/bin/cc     -o CMakeFiles/cmTC_2786e.dir/CheckSymbolExists.c.o   -c /home/umaidzz/Documents/team-nust/team-nust-robocup-v2/build/Release-Motion/build-remote/team-nust-robocup/CMakeFiles/CMakeTmp/CheckSymbolExists.c
Linking C executable cmTC_2786e
/usr/bin/cmake -E cmake_link_script CMakeFiles/cmTC_2786e.dir/link.txt --verbose=1
/usr/bin/cc       CMakeFiles/cmTC_2786e.dir/CheckSymbolExists.c.o  -o cmTC_2786e -rdynamic 
CMakeFiles/cmTC_2786e.dir/CheckSymbolExists.c.o: In function `main':
CheckSymbolExists.c:(.text+0x16): undefined reference to `pthread_create'
collect2: error: ld returned 1 exit status
make[2]: *** [cmTC_2786e] Error 1
make[2]: Leaving directory `/home/umaidzz/Documents/team-nust/team-nust-robocup-v2/build/Release-Motion/build-remote/team-nust-robocup/CMakeFiles/CMakeTmp'
make[1]: *** [cmTC_2786e/fast] Error 2
make[1]: Leaving directory `/home/umaidzz/Documents/team-nust/team-nust-robocup-v2/build/Release-Motion/build-remote/team-nust-robocup/CMakeFiles/CMakeTmp'

File /home/umaidzz/Documents/team-nust/team-nust-robocup-v2/build/Release-Motion/build-remote/team-nust-robocup/CMakeFiles/CMakeTmp/CheckSymbolExists.c:
/* */
#include <pthread.h>

int main(int argc, char** argv)
{
  (void)argv;
#ifndef pthread_create
  return ((int*)(&pthread_create))[argc];
#else
  (void)argc;
  return 0;
#endif
}

Determining if the function pthread_create exists in the pthreads failed with the following output:
Change Dir: /home/umaidzz/Documents/team-nust/team-nust-robocup-v2/build/Release-Motion/build-remote/team-nust-robocup/CMakeFiles/CMakeTmp

Run Build Command:"/usr/bin/make" "cmTC_b5aa2/fast"
make[1]: Entering directory `/home/umaidzz/Documents/team-nust/team-nust-robocup-v2/build/Release-Motion/build-remote/team-nust-robocup/CMakeFiles/CMakeTmp'
/usr/bin/make -f CMakeFiles/cmTC_b5aa2.dir/build.make CMakeFiles/cmTC_b5aa2.dir/build
make[2]: Entering directory `/home/umaidzz/Documents/team-nust/team-nust-robocup-v2/build/Release-Motion/build-remote/team-nust-robocup/CMakeFiles/CMakeTmp'
Building C object CMakeFiles/cmTC_b5aa2.dir/CheckFunctionExists.c.o
/usr/bin/cc    -DCHECK_FUNCTION_EXISTS=pthread_create   -o CMakeFiles/cmTC_b5aa2.dir/CheckFunctionExists.c.o   -c /usr/share/cmake-3.5/Modules/CheckFunctionExists.c
Linking C executable cmTC_b5aa2
/usr/bin/cmake -E cmake_link_script CMakeFiles/cmTC_b5aa2.dir/link.txt --verbose=1
/usr/bin/cc   -DCHECK_FUNCTION_EXISTS=pthread_create    CMakeFiles/cmTC_b5aa2.dir/CheckFunctionExists.c.o  -o cmTC_b5aa2 -rdynamic -lpthreads 
/usr/bin/ld: cannot find -lpthreads
collect2: error: ld returned 1 exit status
make[2]: *** [cmTC_b5aa2] Error 1
make[2]: Leaving directory `/home/umaidzz/Documents/team-nust/team-nust-robocup-v2/build/Release-Motion/build-remote/team-nust-robocup/CMakeFiles/CMakeTmp'
make[1]: *** [cmTC_b5aa2/fast] Error 2
make[1]: Leaving directory `/home/umaidzz/Documents/team-nust/team-nust-robocup-v2/build/Release-Motion/build-remote/team-nust-robocup/CMakeFiles/CMakeTmp'


Determining if the pthread_create exist failed with the following output:
Change Dir: /home/umaidzz/Documents/team-nust/team-nust-robocup-v2/build/Release-Motion/build-remote/team-nust-robocup/CMakeFiles/CMakeTmp

Run Build Command:"/usr/bin/make" "cmTC_7d838/fast"
make[1]: Entering directory `/home/umaidzz/Documents/team-nust/team-nust-robocup-v2/build/Release-Motion/build-remote/team-nust-robocup/CMakeFiles/CMakeTmp'
/usr/bin/make -f CMakeFiles/cmTC_7d838.dir/build.make CMakeFiles/cmTC_7d838.dir/build
make[2]: Entering directory `/home/umaidzz/Documents/team-nust/team-nust-robocup-v2/build/Release-Motion/build-remote/team-nust-robocup/CMakeFiles/CMakeTmp'
Building C object CMakeFiles/cmTC_7d838.dir/CheckSymbolExists.c.o
/usr/bin/cc     -o CMakeFiles/cmTC_7d838.dir/CheckSymbolExists.c.o   -c /home/umaidzz/Documents/team-nust/team-nust-robocup-v2/build/Release-Motion/build-remote/team-nust-robocup/CMakeFiles/CMakeTmp/CheckSymbolExists.c
Linking C executable cmTC_7d838
/usr/bin/cmake -E cmake_link_script CMakeFiles/cmTC_7d838.dir/link.txt --verbose=1
/usr/bin/cc       CMakeFiles/cmTC_7d838.dir/CheckSymbolExists.c.o  -o cmTC_7d838 -rdynamic 
CMakeFiles/cmTC_7d838.dir/CheckSymbolExists.c.o: In function `main':
CheckSymbolExists.c:(.text+0x16): undefined reference to `pthread_create'
collect2: error: ld returned 1 exit status
make[2]: *** [cmTC_7d838] Error 1
make[2]: Leaving directory `/home/umaidzz/Documents/team-nust/team-nust-robocup-v2/build/Release-Motion/build-remote/team-nust-robocup/CMakeFiles/CMakeTmp'
make[1]: *** [cmTC_7d838/fast] Error 2
make[1]: Leaving directory `/home/umaidzz/Documents/team-nust/team-nust-robocup-v2/build/Release-Motion/build-remote/team-nust-robocup/CMakeFiles/CMakeTmp'

File /home/umaidzz/Documents/team-nust/team-nust-robocup-v2/build/Release-Motion/build-remote/team-nust-robocup/CMakeFiles/CMakeTmp/CheckSymbolExists.c:
/* */
#include <pthread.h>

int main(int argc, char** argv)
{
  (void)argv;
#ifndef pthread_create
  return ((int*)(&pthread_create))[argc];
#else
  (void)argc;
  return 0;
#endif
}

Determining if the function pthread_create exists in the pthreads failed with the following output:
Change Dir: /home/umaidzz/Documents/team-nust/team-nust-robocup-v2/build/Release-Motion/build-remote/team-nust-robocup/CMakeFiles/CMakeTmp

Run Build Command:"/usr/bin/make" "cmTC_78fa6/fast"
make[1]: Entering directory `/home/umaidzz/Documents/team-nust/team-nust-robocup-v2/build/Release-Motion/build-remote/team-nust-robocup/CMakeFiles/CMakeTmp'
/usr/bin/make -f CMakeFiles/cmTC_78fa6.dir/build.make CMakeFiles/cmTC_78fa6.dir/build
make[2]: Entering directory `/home/umaidzz/Documents/team-nust/team-nust-robocup-v2/build/Release-Motion/build-remote/team-nust-robocup/CMakeFiles/CMakeTmp'
Building C object CMakeFiles/cmTC_78fa6.dir/CheckFunctionExists.c.o
/usr/bin/cc    -DCHECK_FUNCTION_EXISTS=pthread_create   -o CMakeFiles/cmTC_78fa6.dir/CheckFunctionExists.c.o   -c /usr/share/cmake-3.5/Modules/CheckFunctionExists.c
Linking C executable cmTC_78fa6
/usr/bin/cmake -E cmake_link_script CMakeFiles/cmTC_78fa6.dir/link.txt --verbose=1
/usr/bin/cc   -DCHECK_FUNCTION_EXISTS=pthread_create    CMakeFiles/cmTC_78fa6.dir/CheckFunctionExists.c.o  -o cmTC_78fa6 -rdynamic -lpthreads 
/usr/bin/ld: cannot find -lpthreads
collect2: error: ld returned 1 exit status
make[2]: *** [cmTC_78fa6] Error 1
make[2]: Leaving directory `/home/umaidzz/Documents/team-nust/team-nust-robocup-v2/build/Release-Motion/build-remote/team-nust-robocup/CMakeFiles/CMakeTmp'
make[1]: *** [cmTC_78fa6/fast] Error 2
make[1]: Leaving directory `/home/umaidzz/Documents/team-nust/team-nust-robocup-v2/build/Release-Motion/build-remote/team-nust-robocup/CMakeFiles/CMakeTmp'


