Determining if the pthread_create exist failed with the following output:
Change Dir: /home/sensei/team-nust-robocup/Src/GameController/src/libgamectrl/build-remote/CMakeFiles/CMakeTmp

Run Build Command:"/usr/bin/make" "cmTC_5dcf7/fast"
/usr/bin/make -f CMakeFiles/cmTC_5dcf7.dir/build.make CMakeFiles/cmTC_5dcf7.dir/build
make[1]: Entering directory `/home/sensei/team-nust-robocup/Src/GameController/src/libgamectrl/build-remote/CMakeFiles/CMakeTmp'
Building C object CMakeFiles/cmTC_5dcf7.dir/CheckSymbolExists.c.o
/usr/bin/cc     -o CMakeFiles/cmTC_5dcf7.dir/CheckSymbolExists.c.o   -c /home/sensei/team-nust-robocup/Src/GameController/src/libgamectrl/build-remote/CMakeFiles/CMakeTmp/CheckSymbolExists.c
Linking C executable cmTC_5dcf7
/usr/bin/cmake -E cmake_link_script CMakeFiles/cmTC_5dcf7.dir/link.txt --verbose=1
/usr/bin/cc       CMakeFiles/cmTC_5dcf7.dir/CheckSymbolExists.c.o  -o cmTC_5dcf7 -rdynamic 
CMakeFiles/cmTC_5dcf7.dir/CheckSymbolExists.c.o: In function `main':
CheckSymbolExists.c:(.text+0x16): undefined reference to `pthread_create'
collect2: error: ld returned 1 exit status
make[1]: *** [cmTC_5dcf7] Error 1
make[1]: Leaving directory `/home/sensei/team-nust-robocup/Src/GameController/src/libgamectrl/build-remote/CMakeFiles/CMakeTmp'
make: *** [cmTC_5dcf7/fast] Error 2

File /home/sensei/team-nust-robocup/Src/GameController/src/libgamectrl/build-remote/CMakeFiles/CMakeTmp/CheckSymbolExists.c:
/* */
#include <pthread.h>

int main(int argc, char** argv)
{
  (void)argv;
#ifndef pthread_create
  return ((int*)(&pthread_create))[argc];
#else
  (void)argc;
  return 0;
#endif
}

Determining if the function pthread_create exists in the pthreads failed with the following output:
Change Dir: /home/sensei/team-nust-robocup/Src/GameController/src/libgamectrl/build-remote/CMakeFiles/CMakeTmp

Run Build Command:"/usr/bin/make" "cmTC_92440/fast"
/usr/bin/make -f CMakeFiles/cmTC_92440.dir/build.make CMakeFiles/cmTC_92440.dir/build
make[1]: Entering directory `/home/sensei/team-nust-robocup/Src/GameController/src/libgamectrl/build-remote/CMakeFiles/CMakeTmp'
Building C object CMakeFiles/cmTC_92440.dir/CheckFunctionExists.c.o
/usr/bin/cc    -DCHECK_FUNCTION_EXISTS=pthread_create   -o CMakeFiles/cmTC_92440.dir/CheckFunctionExists.c.o   -c /usr/share/cmake-3.5/Modules/CheckFunctionExists.c
Linking C executable cmTC_92440
/usr/bin/cmake -E cmake_link_script CMakeFiles/cmTC_92440.dir/link.txt --verbose=1
/usr/bin/cc   -DCHECK_FUNCTION_EXISTS=pthread_create    CMakeFiles/cmTC_92440.dir/CheckFunctionExists.c.o  -o cmTC_92440 -rdynamic -lpthreads 
/usr/bin/ld: cannot find -lpthreads
collect2: error: ld returned 1 exit status
make[1]: *** [cmTC_92440] Error 1
make[1]: Leaving directory `/home/sensei/team-nust-robocup/Src/GameController/src/libgamectrl/build-remote/CMakeFiles/CMakeTmp'
make: *** [cmTC_92440/fast] Error 2


Determining if the pthread_create exist failed with the following output:
Change Dir: /home/sensei/team-nust-robocup/Src/GameController/src/libgamectrl/build-remote/CMakeFiles/CMakeTmp

Run Build Command:"/usr/bin/make" "cmTC_684bf/fast"
/usr/bin/make -f CMakeFiles/cmTC_684bf.dir/build.make CMakeFiles/cmTC_684bf.dir/build
make[1]: Entering directory `/home/sensei/team-nust-robocup/Src/GameController/src/libgamectrl/build-remote/CMakeFiles/CMakeTmp'
Building C object CMakeFiles/cmTC_684bf.dir/CheckSymbolExists.c.o
/usr/bin/cc     -o CMakeFiles/cmTC_684bf.dir/CheckSymbolExists.c.o   -c /home/sensei/team-nust-robocup/Src/GameController/src/libgamectrl/build-remote/CMakeFiles/CMakeTmp/CheckSymbolExists.c
Linking C executable cmTC_684bf
/usr/bin/cmake -E cmake_link_script CMakeFiles/cmTC_684bf.dir/link.txt --verbose=1
/usr/bin/cc       CMakeFiles/cmTC_684bf.dir/CheckSymbolExists.c.o  -o cmTC_684bf -rdynamic 
CMakeFiles/cmTC_684bf.dir/CheckSymbolExists.c.o: In function `main':
CheckSymbolExists.c:(.text+0x16): undefined reference to `pthread_create'
collect2: error: ld returned 1 exit status
make[1]: *** [cmTC_684bf] Error 1
make[1]: Leaving directory `/home/sensei/team-nust-robocup/Src/GameController/src/libgamectrl/build-remote/CMakeFiles/CMakeTmp'
make: *** [cmTC_684bf/fast] Error 2

File /home/sensei/team-nust-robocup/Src/GameController/src/libgamectrl/build-remote/CMakeFiles/CMakeTmp/CheckSymbolExists.c:
/* */
#include <pthread.h>

int main(int argc, char** argv)
{
  (void)argv;
#ifndef pthread_create
  return ((int*)(&pthread_create))[argc];
#else
  (void)argc;
  return 0;
#endif
}

Determining if the function pthread_create exists in the pthreads failed with the following output:
Change Dir: /home/sensei/team-nust-robocup/Src/GameController/src/libgamectrl/build-remote/CMakeFiles/CMakeTmp

Run Build Command:"/usr/bin/make" "cmTC_69757/fast"
/usr/bin/make -f CMakeFiles/cmTC_69757.dir/build.make CMakeFiles/cmTC_69757.dir/build
make[1]: Entering directory `/home/sensei/team-nust-robocup/Src/GameController/src/libgamectrl/build-remote/CMakeFiles/CMakeTmp'
Building C object CMakeFiles/cmTC_69757.dir/CheckFunctionExists.c.o
/usr/bin/cc    -DCHECK_FUNCTION_EXISTS=pthread_create   -o CMakeFiles/cmTC_69757.dir/CheckFunctionExists.c.o   -c /usr/share/cmake-3.5/Modules/CheckFunctionExists.c
Linking C executable cmTC_69757
/usr/bin/cmake -E cmake_link_script CMakeFiles/cmTC_69757.dir/link.txt --verbose=1
/usr/bin/cc   -DCHECK_FUNCTION_EXISTS=pthread_create    CMakeFiles/cmTC_69757.dir/CheckFunctionExists.c.o  -o cmTC_69757 -rdynamic -lpthreads 
/usr/bin/ld: cannot find -lpthreads
collect2: error: ld returned 1 exit status
make[1]: *** [cmTC_69757] Error 1
make[1]: Leaving directory `/home/sensei/team-nust-robocup/Src/GameController/src/libgamectrl/build-remote/CMakeFiles/CMakeTmp'
make: *** [cmTC_69757/fast] Error 2


